The system is: Linux - 5.15.0-33-generic - x86_64
Compiling the C compiler identification source file "CMakeCCompilerId.c" succeeded.
Compiler: /usr/bin/cc 
Build flags: 
Id flags:  

The output was:
0


Compilation of the C compiler identification source "CMakeCCompilerId.c" produced "a.out"

The C compiler identification is GNU, found in "/home/paolo/librtlsdr-android/fftw-3.3.10/build-lnx/CMakeFiles/3.22.1/CompilerIdC/a.out"

Compiling the CXX compiler identification source file "CMakeCXXCompilerId.cpp" succeeded.
Compiler: /usr/bin/c++ 
Build flags: 
Id flags:  

The output was:
0


Compilation of the CXX compiler identification source "CMakeCXXCompilerId.cpp" produced "a.out"

The CXX compiler identification is GNU, found in "/home/paolo/librtlsdr-android/fftw-3.3.10/build-lnx/CMakeFiles/3.22.1/CompilerIdCXX/a.out"

Detecting C compiler ABI info compiled with the following output:
Change Dir: /home/paolo/librtlsdr-android/fftw-3.3.10/build-lnx/CMakeFiles/CMakeTmp

Run Build Command(s):/usr/bin/gmake -f Makefile cmTC_7c17b/fast && /usr/bin/gmake  -f CMakeFiles/cmTC_7c17b.dir/build.make CMakeFiles/cmTC_7c17b.dir/build
gmake[1]: Entering directory '/home/paolo/librtlsdr-android/fftw-3.3.10/build-lnx/CMakeFiles/CMakeTmp'
Building C object CMakeFiles/cmTC_7c17b.dir/CMakeCCompilerABI.c.o
/usr/bin/cc   -v -o CMakeFiles/cmTC_7c17b.dir/CMakeCCompilerABI.c.o -c /usr/share/cmake-3.22/Modules/CMakeCCompilerABI.c
Using built-in specs.
COLLECT_GCC=/usr/bin/cc
OFFLOAD_TARGET_NAMES=nvptx-none:amdgcn-amdhsa
OFFLOAD_TARGET_DEFAULT=1
Target: x86_64-linux-gnu
Configured with: ../src/configure -v --with-pkgversion='Ubuntu 11.2.0-19ubuntu1' --with-bugurl=file:///usr/share/doc/gcc-11/README.Bugs --enable-languages=c,ada,c++,go,brig,d,fortran,objc,obj-c++,m2 --prefix=/usr --with-gcc-major-version-only --program-suffix=-11 --program-prefix=x86_64-linux-gnu- --enable-shared --enable-linker-build-id --libexecdir=/usr/lib --without-included-gettext --enable-threads=posix --libdir=/usr/lib --enable-nls --enable-bootstrap --enable-clocale=gnu --enable-libstdcxx-debug --enable-libstdcxx-time=yes --with-default-libstdcxx-abi=new --enable-gnu-unique-object --disable-vtable-verify --enable-plugin --enable-default-pie --with-system-zlib --enable-libphobos-checking=release --with-target-system-zlib=auto --enable-objc-gc=auto --enable-multiarch --disable-werror --enable-cet --with-arch-32=i686 --with-abi=m64 --with-multilib-list=m32,m64,mx32 --enable-multilib --with-tune=generic --enable-offload-targets=nvptx-none=/build/gcc-11-gBFGDP/gcc-11-11.2.0/debian/tmp-nvptx/usr,amdgcn-amdhsa=/build/gcc-11-gBFGDP/gcc-11-11.2.0/debian/tmp-gcn/usr --without-cuda-driver --enable-checking=release --build=x86_64-linux-gnu --host=x86_64-linux-gnu --target=x86_64-linux-gnu --with-build-config=bootstrap-lto-lean --enable-link-serialization=2
Thread model: posix
Supported LTO compression algorithms: zlib zstd
gcc version 11.2.0 (Ubuntu 11.2.0-19ubuntu1) 
COLLECT_GCC_OPTIONS='-v' '-o' 'CMakeFiles/cmTC_7c17b.dir/CMakeCCompilerABI.c.o' '-c' '-mtune=generic' '-march=x86-64' '-dumpdir' 'CMakeFiles/cmTC_7c17b.dir/'
 /usr/lib/gcc/x86_64-linux-gnu/11/cc1 -quiet -v -imultiarch x86_64-linux-gnu /usr/share/cmake-3.22/Modules/CMakeCCompilerABI.c -quiet -dumpdir CMakeFiles/cmTC_7c17b.dir/ -dumpbase CMakeCCompilerABI.c.c -dumpbase-ext .c -mtune=generic -march=x86-64 -version -fasynchronous-unwind-tables -fstack-protector-strong -Wformat -Wformat-security -fstack-clash-protection -fcf-protection -o /tmp/ccKRJHmX.s
GNU C17 (Ubuntu 11.2.0-19ubuntu1) version 11.2.0 (x86_64-linux-gnu)
	compiled by GNU C version 11.2.0, GMP version 6.2.1, MPFR version 4.1.0, MPC version 1.2.1, isl version isl-0.24-GMP

GGC heuristics: --param ggc-min-expand=100 --param ggc-min-heapsize=131072
ignoring nonexistent directory "/usr/local/include/x86_64-linux-gnu"
ignoring nonexistent directory "/usr/lib/gcc/x86_64-linux-gnu/11/include-fixed"
ignoring nonexistent directory "/usr/lib/gcc/x86_64-linux-gnu/11/../../../../x86_64-linux-gnu/include"
#include "..." search starts here:
#include <...> search starts here:
 /usr/lib/gcc/x86_64-linux-gnu/11/include
 /usr/local/include
 /usr/include/x86_64-linux-gnu
 /usr/include
End of search list.
GNU C17 (Ubuntu 11.2.0-19ubuntu1) version 11.2.0 (x86_64-linux-gnu)
	compiled by GNU C version 11.2.0, GMP version 6.2.1, MPFR version 4.1.0, MPC version 1.2.1, isl version isl-0.24-GMP

GGC heuristics: --param ggc-min-expand=100 --param ggc-min-heapsize=131072
Compiler executable checksum: ead6677a8de2192bf1e5ee7b28d13856
COLLECT_GCC_OPTIONS='-v' '-o' 'CMakeFiles/cmTC_7c17b.dir/CMakeCCompilerABI.c.o' '-c' '-mtune=generic' '-march=x86-64' '-dumpdir' 'CMakeFiles/cmTC_7c17b.dir/'
 as -v --64 -o CMakeFiles/cmTC_7c17b.dir/CMakeCCompilerABI.c.o /tmp/ccKRJHmX.s
GNU assembler version 2.38 (x86_64-linux-gnu) using BFD version (GNU Binutils for Ubuntu) 2.38
COMPILER_PATH=/usr/lib/gcc/x86_64-linux-gnu/11/:/usr/lib/gcc/x86_64-linux-gnu/11/:/usr/lib/gcc/x86_64-linux-gnu/:/usr/lib/gcc/x86_64-linux-gnu/11/:/usr/lib/gcc/x86_64-linux-gnu/
LIBRARY_PATH=/usr/lib/gcc/x86_64-linux-gnu/11/:/usr/lib/gcc/x86_64-linux-gnu/11/../../../x86_64-linux-gnu/:/usr/lib/gcc/x86_64-linux-gnu/11/../../../../lib/:/lib/x86_64-linux-gnu/:/lib/../lib/:/usr/lib/x86_64-linux-gnu/:/usr/lib/../lib/:/usr/lib/gcc/x86_64-linux-gnu/11/../../../:/lib/:/usr/lib/
COLLECT_GCC_OPTIONS='-v' '-o' 'CMakeFiles/cmTC_7c17b.dir/CMakeCCompilerABI.c.o' '-c' '-mtune=generic' '-march=x86-64' '-dumpdir' 'CMakeFiles/cmTC_7c17b.dir/CMakeCCompilerABI.c.'
Linking C executable cmTC_7c17b
/usr/bin/cmake -E cmake_link_script CMakeFiles/cmTC_7c17b.dir/link.txt --verbose=1
/usr/bin/cc  -v -rdynamic CMakeFiles/cmTC_7c17b.dir/CMakeCCompilerABI.c.o -o cmTC_7c17b 
Using built-in specs.
COLLECT_GCC=/usr/bin/cc
COLLECT_LTO_WRAPPER=/usr/lib/gcc/x86_64-linux-gnu/11/lto-wrapper
OFFLOAD_TARGET_NAMES=nvptx-none:amdgcn-amdhsa
OFFLOAD_TARGET_DEFAULT=1
Target: x86_64-linux-gnu
Configured with: ../src/configure -v --with-pkgversion='Ubuntu 11.2.0-19ubuntu1' --with-bugurl=file:///usr/share/doc/gcc-11/README.Bugs --enable-languages=c,ada,c++,go,brig,d,fortran,objc,obj-c++,m2 --prefix=/usr --with-gcc-major-version-only --program-suffix=-11 --program-prefix=x86_64-linux-gnu- --enable-shared --enable-linker-build-id --libexecdir=/usr/lib --without-included-gettext --enable-threads=posix --libdir=/usr/lib --enable-nls --enable-bootstrap --enable-clocale=gnu --enable-libstdcxx-debug --enable-libstdcxx-time=yes --with-default-libstdcxx-abi=new --enable-gnu-unique-object --disable-vtable-verify --enable-plugin --enable-default-pie --with-system-zlib --enable-libphobos-checking=release --with-target-system-zlib=auto --enable-objc-gc=auto --enable-multiarch --disable-werror --enable-cet --with-arch-32=i686 --with-abi=m64 --with-multilib-list=m32,m64,mx32 --enable-multilib --with-tune=generic --enable-offload-targets=nvptx-none=/build/gcc-11-gBFGDP/gcc-11-11.2.0/debian/tmp-nvptx/usr,amdgcn-amdhsa=/build/gcc-11-gBFGDP/gcc-11-11.2.0/debian/tmp-gcn/usr --without-cuda-driver --enable-checking=release --build=x86_64-linux-gnu --host=x86_64-linux-gnu --target=x86_64-linux-gnu --with-build-config=bootstrap-lto-lean --enable-link-serialization=2
Thread model: posix
Supported LTO compression algorithms: zlib zstd
gcc version 11.2.0 (Ubuntu 11.2.0-19ubuntu1) 
COMPILER_PATH=/usr/lib/gcc/x86_64-linux-gnu/11/:/usr/lib/gcc/x86_64-linux-gnu/11/:/usr/lib/gcc/x86_64-linux-gnu/:/usr/lib/gcc/x86_64-linux-gnu/11/:/usr/lib/gcc/x86_64-linux-gnu/
LIBRARY_PATH=/usr/lib/gcc/x86_64-linux-gnu/11/:/usr/lib/gcc/x86_64-linux-gnu/11/../../../x86_64-linux-gnu/:/usr/lib/gcc/x86_64-linux-gnu/11/../../../../lib/:/lib/x86_64-linux-gnu/:/lib/../lib/:/usr/lib/x86_64-linux-gnu/:/usr/lib/../lib/:/usr/lib/gcc/x86_64-linux-gnu/11/../../../:/lib/:/usr/lib/
COLLECT_GCC_OPTIONS='-v' '-rdynamic' '-o' 'cmTC_7c17b' '-mtune=generic' '-march=x86-64' '-dumpdir' 'cmTC_7c17b.'
 /usr/lib/gcc/x86_64-linux-gnu/11/collect2 -plugin /usr/lib/gcc/x86_64-linux-gnu/11/liblto_plugin.so -plugin-opt=/usr/lib/gcc/x86_64-linux-gnu/11/lto-wrapper -plugin-opt=-fresolution=/tmp/ccTvGCQF.res -plugin-opt=-pass-through=-lgcc -plugin-opt=-pass-through=-lgcc_s -plugin-opt=-pass-through=-lc -plugin-opt=-pass-through=-lgcc -plugin-opt=-pass-through=-lgcc_s --build-id --eh-frame-hdr -m elf_x86_64 --hash-style=gnu --as-needed -export-dynamic -dynamic-linker /lib64/ld-linux-x86-64.so.2 -pie -z now -z relro -o cmTC_7c17b /usr/lib/gcc/x86_64-linux-gnu/11/../../../x86_64-linux-gnu/Scrt1.o /usr/lib/gcc/x86_64-linux-gnu/11/../../../x86_64-linux-gnu/crti.o /usr/lib/gcc/x86_64-linux-gnu/11/crtbeginS.o -L/usr/lib/gcc/x86_64-linux-gnu/11 -L/usr/lib/gcc/x86_64-linux-gnu/11/../../../x86_64-linux-gnu -L/usr/lib/gcc/x86_64-linux-gnu/11/../../../../lib -L/lib/x86_64-linux-gnu -L/lib/../lib -L/usr/lib/x86_64-linux-gnu -L/usr/lib/../lib -L/usr/lib/gcc/x86_64-linux-gnu/11/../../.. CMakeFiles/cmTC_7c17b.dir/CMakeCCompilerABI.c.o -lgcc --push-state --as-needed -lgcc_s --pop-state -lc -lgcc --push-state --as-needed -lgcc_s --pop-state /usr/lib/gcc/x86_64-linux-gnu/11/crtendS.o /usr/lib/gcc/x86_64-linux-gnu/11/../../../x86_64-linux-gnu/crtn.o
COLLECT_GCC_OPTIONS='-v' '-rdynamic' '-o' 'cmTC_7c17b' '-mtune=generic' '-march=x86-64' '-dumpdir' 'cmTC_7c17b.'
gmake[1]: Leaving directory '/home/paolo/librtlsdr-android/fftw-3.3.10/build-lnx/CMakeFiles/CMakeTmp'



Parsed C implicit include dir info from above output: rv=done
  found start of include info
  found start of implicit include info
    add: [/usr/lib/gcc/x86_64-linux-gnu/11/include]
    add: [/usr/local/include]
    add: [/usr/include/x86_64-linux-gnu]
    add: [/usr/include]
  end of search list found
  collapse include dir [/usr/lib/gcc/x86_64-linux-gnu/11/include] ==> [/usr/lib/gcc/x86_64-linux-gnu/11/include]
  collapse include dir [/usr/local/include] ==> [/usr/local/include]
  collapse include dir [/usr/include/x86_64-linux-gnu] ==> [/usr/include/x86_64-linux-gnu]
  collapse include dir [/usr/include] ==> [/usr/include]
  implicit include dirs: [/usr/lib/gcc/x86_64-linux-gnu/11/include;/usr/local/include;/usr/include/x86_64-linux-gnu;/usr/include]


Parsed C implicit link information from above output:
  link line regex: [^( *|.*[/\])(ld|CMAKE_LINK_STARTFILE-NOTFOUND|([^/\]+-)?ld|collect2)[^/\]*( |$)]
  ignore line: [Change Dir: /home/paolo/librtlsdr-android/fftw-3.3.10/build-lnx/CMakeFiles/CMakeTmp]
  ignore line: []
  ignore line: [Run Build Command(s):/usr/bin/gmake -f Makefile cmTC_7c17b/fast && /usr/bin/gmake  -f CMakeFiles/cmTC_7c17b.dir/build.make CMakeFiles/cmTC_7c17b.dir/build]
  ignore line: [gmake[1]: Entering directory '/home/paolo/librtlsdr-android/fftw-3.3.10/build-lnx/CMakeFiles/CMakeTmp']
  ignore line: [Building C object CMakeFiles/cmTC_7c17b.dir/CMakeCCompilerABI.c.o]
  ignore line: [/usr/bin/cc   -v -o CMakeFiles/cmTC_7c17b.dir/CMakeCCompilerABI.c.o -c /usr/share/cmake-3.22/Modules/CMakeCCompilerABI.c]
  ignore line: [Using built-in specs.]
  ignore line: [COLLECT_GCC=/usr/bin/cc]
  ignore line: [OFFLOAD_TARGET_NAMES=nvptx-none:amdgcn-amdhsa]
  ignore line: [OFFLOAD_TARGET_DEFAULT=1]
  ignore line: [Target: x86_64-linux-gnu]
  ignore line: [Configured with: ../src/configure -v --with-pkgversion='Ubuntu 11.2.0-19ubuntu1' --with-bugurl=file:///usr/share/doc/gcc-11/README.Bugs --enable-languages=c ada c++ go brig d fortran objc obj-c++ m2 --prefix=/usr --with-gcc-major-version-only --program-suffix=-11 --program-prefix=x86_64-linux-gnu- --enable-shared --enable-linker-build-id --libexecdir=/usr/lib --without-included-gettext --enable-threads=posix --libdir=/usr/lib --enable-nls --enable-bootstrap --enable-clocale=gnu --enable-libstdcxx-debug --enable-libstdcxx-time=yes --with-default-libstdcxx-abi=new --enable-gnu-unique-object --disable-vtable-verify --enable-plugin --enable-default-pie --with-system-zlib --enable-libphobos-checking=release --with-target-system-zlib=auto --enable-objc-gc=auto --enable-multiarch --disable-werror --enable-cet --with-arch-32=i686 --with-abi=m64 --with-multilib-list=m32 m64 mx32 --enable-multilib --with-tune=generic --enable-offload-targets=nvptx-none=/build/gcc-11-gBFGDP/gcc-11-11.2.0/debian/tmp-nvptx/usr amdgcn-amdhsa=/build/gcc-11-gBFGDP/gcc-11-11.2.0/debian/tmp-gcn/usr --without-cuda-driver --enable-checking=release --build=x86_64-linux-gnu --host=x86_64-linux-gnu --target=x86_64-linux-gnu --with-build-config=bootstrap-lto-lean --enable-link-serialization=2]
  ignore line: [Thread model: posix]
  ignore line: [Supported LTO compression algorithms: zlib zstd]
  ignore line: [gcc version 11.2.0 (Ubuntu 11.2.0-19ubuntu1) ]
  ignore line: [COLLECT_GCC_OPTIONS='-v' '-o' 'CMakeFiles/cmTC_7c17b.dir/CMakeCCompilerABI.c.o' '-c' '-mtune=generic' '-march=x86-64' '-dumpdir' 'CMakeFiles/cmTC_7c17b.dir/']
  ignore line: [ /usr/lib/gcc/x86_64-linux-gnu/11/cc1 -quiet -v -imultiarch x86_64-linux-gnu /usr/share/cmake-3.22/Modules/CMakeCCompilerABI.c -quiet -dumpdir CMakeFiles/cmTC_7c17b.dir/ -dumpbase CMakeCCompilerABI.c.c -dumpbase-ext .c -mtune=generic -march=x86-64 -version -fasynchronous-unwind-tables -fstack-protector-strong -Wformat -Wformat-security -fstack-clash-protection -fcf-protection -o /tmp/ccKRJHmX.s]
  ignore line: [GNU C17 (Ubuntu 11.2.0-19ubuntu1) version 11.2.0 (x86_64-linux-gnu)]
  ignore line: [	compiled by GNU C version 11.2.0  GMP version 6.2.1  MPFR version 4.1.0  MPC version 1.2.1  isl version isl-0.24-GMP]
  ignore line: []
  ignore line: [GGC heuristics: --param ggc-min-expand=100 --param ggc-min-heapsize=131072]
  ignore line: [ignoring nonexistent directory "/usr/local/include/x86_64-linux-gnu"]
  ignore line: [ignoring nonexistent directory "/usr/lib/gcc/x86_64-linux-gnu/11/include-fixed"]
  ignore line: [ignoring nonexistent directory "/usr/lib/gcc/x86_64-linux-gnu/11/../../../../x86_64-linux-gnu/include"]
  ignore line: [#include "..." search starts here:]
  ignore line: [#include <...> search starts here:]
  ignore line: [ /usr/lib/gcc/x86_64-linux-gnu/11/include]
  ignore line: [ /usr/local/include]
  ignore line: [ /usr/include/x86_64-linux-gnu]
  ignore line: [ /usr/include]
  ignore line: [End of search list.]
  ignore line: [GNU C17 (Ubuntu 11.2.0-19ubuntu1) version 11.2.0 (x86_64-linux-gnu)]
  ignore line: [	compiled by GNU C version 11.2.0  GMP version 6.2.1  MPFR version 4.1.0  MPC version 1.2.1  isl version isl-0.24-GMP]
  ignore line: []
  ignore line: [GGC heuristics: --param ggc-min-expand=100 --param ggc-min-heapsize=131072]
  ignore line: [Compiler executable checksum: ead6677a8de2192bf1e5ee7b28d13856]
  ignore line: [COLLECT_GCC_OPTIONS='-v' '-o' 'CMakeFiles/cmTC_7c17b.dir/CMakeCCompilerABI.c.o' '-c' '-mtune=generic' '-march=x86-64' '-dumpdir' 'CMakeFiles/cmTC_7c17b.dir/']
  ignore line: [ as -v --64 -o CMakeFiles/cmTC_7c17b.dir/CMakeCCompilerABI.c.o /tmp/ccKRJHmX.s]
  ignore line: [GNU assembler version 2.38 (x86_64-linux-gnu) using BFD version (GNU Binutils for Ubuntu) 2.38]
  ignore line: [COMPILER_PATH=/usr/lib/gcc/x86_64-linux-gnu/11/:/usr/lib/gcc/x86_64-linux-gnu/11/:/usr/lib/gcc/x86_64-linux-gnu/:/usr/lib/gcc/x86_64-linux-gnu/11/:/usr/lib/gcc/x86_64-linux-gnu/]
  ignore line: [LIBRARY_PATH=/usr/lib/gcc/x86_64-linux-gnu/11/:/usr/lib/gcc/x86_64-linux-gnu/11/../../../x86_64-linux-gnu/:/usr/lib/gcc/x86_64-linux-gnu/11/../../../../lib/:/lib/x86_64-linux-gnu/:/lib/../lib/:/usr/lib/x86_64-linux-gnu/:/usr/lib/../lib/:/usr/lib/gcc/x86_64-linux-gnu/11/../../../:/lib/:/usr/lib/]
  ignore line: [COLLECT_GCC_OPTIONS='-v' '-o' 'CMakeFiles/cmTC_7c17b.dir/CMakeCCompilerABI.c.o' '-c' '-mtune=generic' '-march=x86-64' '-dumpdir' 'CMakeFiles/cmTC_7c17b.dir/CMakeCCompilerABI.c.']
  ignore line: [Linking C executable cmTC_7c17b]
  ignore line: [/usr/bin/cmake -E cmake_link_script CMakeFiles/cmTC_7c17b.dir/link.txt --verbose=1]
  ignore line: [/usr/bin/cc  -v -rdynamic CMakeFiles/cmTC_7c17b.dir/CMakeCCompilerABI.c.o -o cmTC_7c17b ]
  ignore line: [Using built-in specs.]
  ignore line: [COLLECT_GCC=/usr/bin/cc]
  ignore line: [COLLECT_LTO_WRAPPER=/usr/lib/gcc/x86_64-linux-gnu/11/lto-wrapper]
  ignore line: [OFFLOAD_TARGET_NAMES=nvptx-none:amdgcn-amdhsa]
  ignore line: [OFFLOAD_TARGET_DEFAULT=1]
  ignore line: [Target: x86_64-linux-gnu]
  ignore line: [Configured with: ../src/configure -v --with-pkgversion='Ubuntu 11.2.0-19ubuntu1' --with-bugurl=file:///usr/share/doc/gcc-11/README.Bugs --enable-languages=c ada c++ go brig d fortran objc obj-c++ m2 --prefix=/usr --with-gcc-major-version-only --program-suffix=-11 --program-prefix=x86_64-linux-gnu- --enable-shared --enable-linker-build-id --libexecdir=/usr/lib --without-included-gettext --enable-threads=posix --libdir=/usr/lib --enable-nls --enable-bootstrap --enable-clocale=gnu --enable-libstdcxx-debug --enable-libstdcxx-time=yes --with-default-libstdcxx-abi=new --enable-gnu-unique-object --disable-vtable-verify --enable-plugin --enable-default-pie --with-system-zlib --enable-libphobos-checking=release --with-target-system-zlib=auto --enable-objc-gc=auto --enable-multiarch --disable-werror --enable-cet --with-arch-32=i686 --with-abi=m64 --with-multilib-list=m32 m64 mx32 --enable-multilib --with-tune=generic --enable-offload-targets=nvptx-none=/build/gcc-11-gBFGDP/gcc-11-11.2.0/debian/tmp-nvptx/usr amdgcn-amdhsa=/build/gcc-11-gBFGDP/gcc-11-11.2.0/debian/tmp-gcn/usr --without-cuda-driver --enable-checking=release --build=x86_64-linux-gnu --host=x86_64-linux-gnu --target=x86_64-linux-gnu --with-build-config=bootstrap-lto-lean --enable-link-serialization=2]
  ignore line: [Thread model: posix]
  ignore line: [Supported LTO compression algorithms: zlib zstd]
  ignore line: [gcc version 11.2.0 (Ubuntu 11.2.0-19ubuntu1) ]
  ignore line: [COMPILER_PATH=/usr/lib/gcc/x86_64-linux-gnu/11/:/usr/lib/gcc/x86_64-linux-gnu/11/:/usr/lib/gcc/x86_64-linux-gnu/:/usr/lib/gcc/x86_64-linux-gnu/11/:/usr/lib/gcc/x86_64-linux-gnu/]
  ignore line: [LIBRARY_PATH=/usr/lib/gcc/x86_64-linux-gnu/11/:/usr/lib/gcc/x86_64-linux-gnu/11/../../../x86_64-linux-gnu/:/usr/lib/gcc/x86_64-linux-gnu/11/../../../../lib/:/lib/x86_64-linux-gnu/:/lib/../lib/:/usr/lib/x86_64-linux-gnu/:/usr/lib/../lib/:/usr/lib/gcc/x86_64-linux-gnu/11/../../../:/lib/:/usr/lib/]
  ignore line: [COLLECT_GCC_OPTIONS='-v' '-rdynamic' '-o' 'cmTC_7c17b' '-mtune=generic' '-march=x86-64' '-dumpdir' 'cmTC_7c17b.']
  link line: [ /usr/lib/gcc/x86_64-linux-gnu/11/collect2 -plugin /usr/lib/gcc/x86_64-linux-gnu/11/liblto_plugin.so -plugin-opt=/usr/lib/gcc/x86_64-linux-gnu/11/lto-wrapper -plugin-opt=-fresolution=/tmp/ccTvGCQF.res -plugin-opt=-pass-through=-lgcc -plugin-opt=-pass-through=-lgcc_s -plugin-opt=-pass-through=-lc -plugin-opt=-pass-through=-lgcc -plugin-opt=-pass-through=-lgcc_s --build-id --eh-frame-hdr -m elf_x86_64 --hash-style=gnu --as-needed -export-dynamic -dynamic-linker /lib64/ld-linux-x86-64.so.2 -pie -z now -z relro -o cmTC_7c17b /usr/lib/gcc/x86_64-linux-gnu/11/../../../x86_64-linux-gnu/Scrt1.o /usr/lib/gcc/x86_64-linux-gnu/11/../../../x86_64-linux-gnu/crti.o /usr/lib/gcc/x86_64-linux-gnu/11/crtbeginS.o -L/usr/lib/gcc/x86_64-linux-gnu/11 -L/usr/lib/gcc/x86_64-linux-gnu/11/../../../x86_64-linux-gnu -L/usr/lib/gcc/x86_64-linux-gnu/11/../../../../lib -L/lib/x86_64-linux-gnu -L/lib/../lib -L/usr/lib/x86_64-linux-gnu -L/usr/lib/../lib -L/usr/lib/gcc/x86_64-linux-gnu/11/../../.. CMakeFiles/cmTC_7c17b.dir/CMakeCCompilerABI.c.o -lgcc --push-state --as-needed -lgcc_s --pop-state -lc -lgcc --push-state --as-needed -lgcc_s --pop-state /usr/lib/gcc/x86_64-linux-gnu/11/crtendS.o /usr/lib/gcc/x86_64-linux-gnu/11/../../../x86_64-linux-gnu/crtn.o]
    arg [/usr/lib/gcc/x86_64-linux-gnu/11/collect2] ==> ignore
    arg [-plugin] ==> ignore
    arg [/usr/lib/gcc/x86_64-linux-gnu/11/liblto_plugin.so] ==> ignore
    arg [-plugin-opt=/usr/lib/gcc/x86_64-linux-gnu/11/lto-wrapper] ==> ignore
    arg [-plugin-opt=-fresolution=/tmp/ccTvGCQF.res] ==> ignore
    arg [-plugin-opt=-pass-through=-lgcc] ==> ignore
    arg [-plugin-opt=-pass-through=-lgcc_s] ==> ignore
    arg [-plugin-opt=-pass-through=-lc] ==> ignore
    arg [-plugin-opt=-pass-through=-lgcc] ==> ignore
    arg [-plugin-opt=-pass-through=-lgcc_s] ==> ignore
    arg [--build-id] ==> ignore
    arg [--eh-frame-hdr] ==> ignore
    arg [-m] ==> ignore
    arg [elf_x86_64] ==> ignore
    arg [--hash-style=gnu] ==> ignore
    arg [--as-needed] ==> ignore
    arg [-export-dynamic] ==> ignore
    arg [-dynamic-linker] ==> ignore
    arg [/lib64/ld-linux-x86-64.so.2] ==> ignore
    arg [-pie] ==> ignore
    arg [-znow] ==> ignore
    arg [-zrelro] ==> ignore
    arg [-o] ==> ignore
    arg [cmTC_7c17b] ==> ignore
    arg [/usr/lib/gcc/x86_64-linux-gnu/11/../../../x86_64-linux-gnu/Scrt1.o] ==> obj [/usr/lib/gcc/x86_64-linux-gnu/11/../../../x86_64-linux-gnu/Scrt1.o]
    arg [/usr/lib/gcc/x86_64-linux-gnu/11/../../../x86_64-linux-gnu/crti.o] ==> obj [/usr/lib/gcc/x86_64-linux-gnu/11/../../../x86_64-linux-gnu/crti.o]
    arg [/usr/lib/gcc/x86_64-linux-gnu/11/crtbeginS.o] ==> obj [/usr/lib/gcc/x86_64-linux-gnu/11/crtbeginS.o]
    arg [-L/usr/lib/gcc/x86_64-linux-gnu/11] ==> dir [/usr/lib/gcc/x86_64-linux-gnu/11]
    arg [-L/usr/lib/gcc/x86_64-linux-gnu/11/../../../x86_64-linux-gnu] ==> dir [/usr/lib/gcc/x86_64-linux-gnu/11/../../../x86_64-linux-gnu]
    arg [-L/usr/lib/gcc/x86_64-linux-gnu/11/../../../../lib] ==> dir [/usr/lib/gcc/x86_64-linux-gnu/11/../../../../lib]
    arg [-L/lib/x86_64-linux-gnu] ==> dir [/lib/x86_64-linux-gnu]
    arg [-L/lib/../lib] ==> dir [/lib/../lib]
    arg [-L/usr/lib/x86_64-linux-gnu] ==> dir [/usr/lib/x86_64-linux-gnu]
    arg [-L/usr/lib/../lib] ==> dir [/usr/lib/../lib]
    arg [-L/usr/lib/gcc/x86_64-linux-gnu/11/../../..] ==> dir [/usr/lib/gcc/x86_64-linux-gnu/11/../../..]
    arg [CMakeFiles/cmTC_7c17b.dir/CMakeCCompilerABI.c.o] ==> ignore
    arg [-lgcc] ==> lib [gcc]
    arg [--push-state] ==> ignore
    arg [--as-needed] ==> ignore
    arg [-lgcc_s] ==> lib [gcc_s]
    arg [--pop-state] ==> ignore
    arg [-lc] ==> lib [c]
    arg [-lgcc] ==> lib [gcc]
    arg [--push-state] ==> ignore
    arg [--as-needed] ==> ignore
    arg [-lgcc_s] ==> lib [gcc_s]
    arg [--pop-state] ==> ignore
    arg [/usr/lib/gcc/x86_64-linux-gnu/11/crtendS.o] ==> obj [/usr/lib/gcc/x86_64-linux-gnu/11/crtendS.o]
    arg [/usr/lib/gcc/x86_64-linux-gnu/11/../../../x86_64-linux-gnu/crtn.o] ==> obj [/usr/lib/gcc/x86_64-linux-gnu/11/../../../x86_64-linux-gnu/crtn.o]
  collapse obj [/usr/lib/gcc/x86_64-linux-gnu/11/../../../x86_64-linux-gnu/Scrt1.o] ==> [/usr/lib/x86_64-linux-gnu/Scrt1.o]
  collapse obj [/usr/lib/gcc/x86_64-linux-gnu/11/../../../x86_64-linux-gnu/crti.o] ==> [/usr/lib/x86_64-linux-gnu/crti.o]
  collapse obj [/usr/lib/gcc/x86_64-linux-gnu/11/../../../x86_64-linux-gnu/crtn.o] ==> [/usr/lib/x86_64-linux-gnu/crtn.o]
  collapse library dir [/usr/lib/gcc/x86_64-linux-gnu/11] ==> [/usr/lib/gcc/x86_64-linux-gnu/11]
  collapse library dir [/usr/lib/gcc/x86_64-linux-gnu/11/../../../x86_64-linux-gnu] ==> [/usr/lib/x86_64-linux-gnu]
  collapse library dir [/usr/lib/gcc/x86_64-linux-gnu/11/../../../../lib] ==> [/usr/lib]
  collapse library dir [/lib/x86_64-linux-gnu] ==> [/lib/x86_64-linux-gnu]
  collapse library dir [/lib/../lib] ==> [/lib]
  collapse library dir [/usr/lib/x86_64-linux-gnu] ==> [/usr/lib/x86_64-linux-gnu]
  collapse library dir [/usr/lib/../lib] ==> [/usr/lib]
  collapse library dir [/usr/lib/gcc/x86_64-linux-gnu/11/../../..] ==> [/usr/lib]
  implicit libs: [gcc;gcc_s;c;gcc;gcc_s]
  implicit objs: [/usr/lib/x86_64-linux-gnu/Scrt1.o;/usr/lib/x86_64-linux-gnu/crti.o;/usr/lib/gcc/x86_64-linux-gnu/11/crtbeginS.o;/usr/lib/gcc/x86_64-linux-gnu/11/crtendS.o;/usr/lib/x86_64-linux-gnu/crtn.o]
  implicit dirs: [/usr/lib/gcc/x86_64-linux-gnu/11;/usr/lib/x86_64-linux-gnu;/usr/lib;/lib/x86_64-linux-gnu;/lib]
  implicit fwks: []


Detecting CXX compiler ABI info compiled with the following output:
Change Dir: /home/paolo/librtlsdr-android/fftw-3.3.10/build-lnx/CMakeFiles/CMakeTmp

Run Build Command(s):/usr/bin/gmake -f Makefile cmTC_741fb/fast && /usr/bin/gmake  -f CMakeFiles/cmTC_741fb.dir/build.make CMakeFiles/cmTC_741fb.dir/build
gmake[1]: Entering directory '/home/paolo/librtlsdr-android/fftw-3.3.10/build-lnx/CMakeFiles/CMakeTmp'
Building CXX object CMakeFiles/cmTC_741fb.dir/CMakeCXXCompilerABI.cpp.o
/usr/bin/c++   -v -o CMakeFiles/cmTC_741fb.dir/CMakeCXXCompilerABI.cpp.o -c /usr/share/cmake-3.22/Modules/CMakeCXXCompilerABI.cpp
Using built-in specs.
COLLECT_GCC=/usr/bin/c++
OFFLOAD_TARGET_NAMES=nvptx-none:amdgcn-amdhsa
OFFLOAD_TARGET_DEFAULT=1
Target: x86_64-linux-gnu
Configured with: ../src/configure -v --with-pkgversion='Ubuntu 11.2.0-19ubuntu1' --with-bugurl=file:///usr/share/doc/gcc-11/README.Bugs --enable-languages=c,ada,c++,go,brig,d,fortran,objc,obj-c++,m2 --prefix=/usr --with-gcc-major-version-only --program-suffix=-11 --program-prefix=x86_64-linux-gnu- --enable-shared --enable-linker-build-id --libexecdir=/usr/lib --without-included-gettext --enable-threads=posix --libdir=/usr/lib --enable-nls --enable-bootstrap --enable-clocale=gnu --enable-libstdcxx-debug --enable-libstdcxx-time=yes --with-default-libstdcxx-abi=new --enable-gnu-unique-object --disable-vtable-verify --enable-plugin --enable-default-pie --with-system-zlib --enable-libphobos-checking=release --with-target-system-zlib=auto --enable-objc-gc=auto --enable-multiarch --disable-werror --enable-cet --with-arch-32=i686 --with-abi=m64 --with-multilib-list=m32,m64,mx32 --enable-multilib --with-tune=generic --enable-offload-targets=nvptx-none=/build/gcc-11-gBFGDP/gcc-11-11.2.0/debian/tmp-nvptx/usr,amdgcn-amdhsa=/build/gcc-11-gBFGDP/gcc-11-11.2.0/debian/tmp-gcn/usr --without-cuda-driver --enable-checking=release --build=x86_64-linux-gnu --host=x86_64-linux-gnu --target=x86_64-linux-gnu --with-build-config=bootstrap-lto-lean --enable-link-serialization=2
Thread model: posix
Supported LTO compression algorithms: zlib zstd
gcc version 11.2.0 (Ubuntu 11.2.0-19ubuntu1) 
COLLECT_GCC_OPTIONS='-v' '-o' 'CMakeFiles/cmTC_741fb.dir/CMakeCXXCompilerABI.cpp.o' '-c' '-shared-libgcc' '-mtune=generic' '-march=x86-64' '-dumpdir' 'CMakeFiles/cmTC_741fb.dir/'
 /usr/lib/gcc/x86_64-linux-gnu/11/cc1plus -quiet -v -imultiarch x86_64-linux-gnu -D_GNU_SOURCE /usr/share/cmake-3.22/Modules/CMakeCXXCompilerABI.cpp -quiet -dumpdir CMakeFiles/cmTC_741fb.dir/ -dumpbase CMakeCXXCompilerABI.cpp.cpp -dumpbase-ext .cpp -mtune=generic -march=x86-64 -version -fasynchronous-unwind-tables -fstack-protector-strong -Wformat -Wformat-security -fstack-clash-protection -fcf-protection -o /tmp/ccUbjH9T.s
GNU C++17 (Ubuntu 11.2.0-19ubuntu1) version 11.2.0 (x86_64-linux-gnu)
	compiled by GNU C version 11.2.0, GMP version 6.2.1, MPFR version 4.1.0, MPC version 1.2.1, isl version isl-0.24-GMP

GGC heuristics: --param ggc-min-expand=100 --param ggc-min-heapsize=131072
ignoring duplicate directory "/usr/include/x86_64-linux-gnu/c++/11"
ignoring nonexistent directory "/usr/local/include/x86_64-linux-gnu"
ignoring nonexistent directory "/usr/lib/gcc/x86_64-linux-gnu/11/include-fixed"
ignoring nonexistent directory "/usr/lib/gcc/x86_64-linux-gnu/11/../../../../x86_64-linux-gnu/include"
#include "..." search starts here:
#include <...> search starts here:
 /usr/include/c++/11
 /usr/include/x86_64-linux-gnu/c++/11
 /usr/include/c++/11/backward
 /usr/lib/gcc/x86_64-linux-gnu/11/include
 /usr/local/include
 /usr/include/x86_64-linux-gnu
 /usr/include
End of search list.
GNU C++17 (Ubuntu 11.2.0-19ubuntu1) version 11.2.0 (x86_64-linux-gnu)
	compiled by GNU C version 11.2.0, GMP version 6.2.1, MPFR version 4.1.0, MPC version 1.2.1, isl version isl-0.24-GMP

GGC heuristics: --param ggc-min-expand=100 --param ggc-min-heapsize=131072
Compiler executable checksum: 619370d92bf6efc3023abfa7394da0c1
COLLECT_GCC_OPTIONS='-v' '-o' 'CMakeFiles/cmTC_741fb.dir/CMakeCXXCompilerABI.cpp.o' '-c' '-shared-libgcc' '-mtune=generic' '-march=x86-64' '-dumpdir' 'CMakeFiles/cmTC_741fb.dir/'
 as -v --64 -o CMakeFiles/cmTC_741fb.dir/CMakeCXXCompilerABI.cpp.o /tmp/ccUbjH9T.s
GNU assembler version 2.38 (x86_64-linux-gnu) using BFD version (GNU Binutils for Ubuntu) 2.38
COMPILER_PATH=/usr/lib/gcc/x86_64-linux-gnu/11/:/usr/lib/gcc/x86_64-linux-gnu/11/:/usr/lib/gcc/x86_64-linux-gnu/:/usr/lib/gcc/x86_64-linux-gnu/11/:/usr/lib/gcc/x86_64-linux-gnu/
LIBRARY_PATH=/usr/lib/gcc/x86_64-linux-gnu/11/:/usr/lib/gcc/x86_64-linux-gnu/11/../../../x86_64-linux-gnu/:/usr/lib/gcc/x86_64-linux-gnu/11/../../../../lib/:/lib/x86_64-linux-gnu/:/lib/../lib/:/usr/lib/x86_64-linux-gnu/:/usr/lib/../lib/:/usr/lib/gcc/x86_64-linux-gnu/11/../../../:/lib/:/usr/lib/
COLLECT_GCC_OPTIONS='-v' '-o' 'CMakeFiles/cmTC_741fb.dir/CMakeCXXCompilerABI.cpp.o' '-c' '-shared-libgcc' '-mtune=generic' '-march=x86-64' '-dumpdir' 'CMakeFiles/cmTC_741fb.dir/CMakeCXXCompilerABI.cpp.'
Linking CXX executable cmTC_741fb
/usr/bin/cmake -E cmake_link_script CMakeFiles/cmTC_741fb.dir/link.txt --verbose=1
/usr/bin/c++  -v -rdynamic CMakeFiles/cmTC_741fb.dir/CMakeCXXCompilerABI.cpp.o -o cmTC_741fb 
Using built-in specs.
COLLECT_GCC=/usr/bin/c++
COLLECT_LTO_WRAPPER=/usr/lib/gcc/x86_64-linux-gnu/11/lto-wrapper
OFFLOAD_TARGET_NAMES=nvptx-none:amdgcn-amdhsa
OFFLOAD_TARGET_DEFAULT=1
Target: x86_64-linux-gnu
Configured with: ../src/configure -v --with-pkgversion='Ubuntu 11.2.0-19ubuntu1' --with-bugurl=file:///usr/share/doc/gcc-11/README.Bugs --enable-languages=c,ada,c++,go,brig,d,fortran,objc,obj-c++,m2 --prefix=/usr --with-gcc-major-version-only --program-suffix=-11 --program-prefix=x86_64-linux-gnu- --enable-shared --enable-linker-build-id --libexecdir=/usr/lib --without-included-gettext --enable-threads=posix --libdir=/usr/lib --enable-nls --enable-bootstrap --enable-clocale=gnu --enable-libstdcxx-debug --enable-libstdcxx-time=yes --with-default-libstdcxx-abi=new --enable-gnu-unique-object --disable-vtable-verify --enable-plugin --enable-default-pie --with-system-zlib --enable-libphobos-checking=release --with-target-system-zlib=auto --enable-objc-gc=auto --enable-multiarch --disable-werror --enable-cet --with-arch-32=i686 --with-abi=m64 --with-multilib-list=m32,m64,mx32 --enable-multilib --with-tune=generic --enable-offload-targets=nvptx-none=/build/gcc-11-gBFGDP/gcc-11-11.2.0/debian/tmp-nvptx/usr,amdgcn-amdhsa=/build/gcc-11-gBFGDP/gcc-11-11.2.0/debian/tmp-gcn/usr --without-cuda-driver --enable-checking=release --build=x86_64-linux-gnu --host=x86_64-linux-gnu --target=x86_64-linux-gnu --with-build-config=bootstrap-lto-lean --enable-link-serialization=2
Thread model: posix
Supported LTO compression algorithms: zlib zstd
gcc version 11.2.0 (Ubuntu 11.2.0-19ubuntu1) 
COMPILER_PATH=/usr/lib/gcc/x86_64-linux-gnu/11/:/usr/lib/gcc/x86_64-linux-gnu/11/:/usr/lib/gcc/x86_64-linux-gnu/:/usr/lib/gcc/x86_64-linux-gnu/11/:/usr/lib/gcc/x86_64-linux-gnu/
LIBRARY_PATH=/usr/lib/gcc/x86_64-linux-gnu/11/:/usr/lib/gcc/x86_64-linux-gnu/11/../../../x86_64-linux-gnu/:/usr/lib/gcc/x86_64-linux-gnu/11/../../../../lib/:/lib/x86_64-linux-gnu/:/lib/../lib/:/usr/lib/x86_64-linux-gnu/:/usr/lib/../lib/:/usr/lib/gcc/x86_64-linux-gnu/11/../../../:/lib/:/usr/lib/
COLLECT_GCC_OPTIONS='-v' '-rdynamic' '-o' 'cmTC_741fb' '-shared-libgcc' '-mtune=generic' '-march=x86-64' '-dumpdir' 'cmTC_741fb.'
 /usr/lib/gcc/x86_64-linux-gnu/11/collect2 -plugin /usr/lib/gcc/x86_64-linux-gnu/11/liblto_plugin.so -plugin-opt=/usr/lib/gcc/x86_64-linux-gnu/11/lto-wrapper -plugin-opt=-fresolution=/tmp/cct53FRV.res -plugin-opt=-pass-through=-lgcc_s -plugin-opt=-pass-through=-lgcc -plugin-opt=-pass-through=-lc -plugin-opt=-pass-through=-lgcc_s -plugin-opt=-pass-through=-lgcc --build-id --eh-frame-hdr -m elf_x86_64 --hash-style=gnu --as-needed -export-dynamic -dynamic-linker /lib64/ld-linux-x86-64.so.2 -pie -z now -z relro -o cmTC_741fb /usr/lib/gcc/x86_64-linux-gnu/11/../../../x86_64-linux-gnu/Scrt1.o /usr/lib/gcc/x86_64-linux-gnu/11/../../../x86_64-linux-gnu/crti.o /usr/lib/gcc/x86_64-linux-gnu/11/crtbeginS.o -L/usr/lib/gcc/x86_64-linux-gnu/11 -L/usr/lib/gcc/x86_64-linux-gnu/11/../../../x86_64-linux-gnu -L/usr/lib/gcc/x86_64-linux-gnu/11/../../../../lib -L/lib/x86_64-linux-gnu -L/lib/../lib -L/usr/lib/x86_64-linux-gnu -L/usr/lib/../lib -L/usr/lib/gcc/x86_64-linux-gnu/11/../../.. CMakeFiles/cmTC_741fb.dir/CMakeCXXCompilerABI.cpp.o -lstdc++ -lm -lgcc_s -lgcc -lc -lgcc_s -lgcc /usr/lib/gcc/x86_64-linux-gnu/11/crtendS.o /usr/lib/gcc/x86_64-linux-gnu/11/../../../x86_64-linux-gnu/crtn.o
COLLECT_GCC_OPTIONS='-v' '-rdynamic' '-o' 'cmTC_741fb' '-shared-libgcc' '-mtune=generic' '-march=x86-64' '-dumpdir' 'cmTC_741fb.'
gmake[1]: Leaving directory '/home/paolo/librtlsdr-android/fftw-3.3.10/build-lnx/CMakeFiles/CMakeTmp'



Parsed CXX implicit include dir info from above output: rv=done
  found start of include info
  found start of implicit include info
    add: [/usr/include/c++/11]
    add: [/usr/include/x86_64-linux-gnu/c++/11]
    add: [/usr/include/c++/11/backward]
    add: [/usr/lib/gcc/x86_64-linux-gnu/11/include]
    add: [/usr/local/include]
    add: [/usr/include/x86_64-linux-gnu]
    add: [/usr/include]
  end of search list found
  collapse include dir [/usr/include/c++/11] ==> [/usr/include/c++/11]
  collapse include dir [/usr/include/x86_64-linux-gnu/c++/11] ==> [/usr/include/x86_64-linux-gnu/c++/11]
  collapse include dir [/usr/include/c++/11/backward] ==> [/usr/include/c++/11/backward]
  collapse include dir [/usr/lib/gcc/x86_64-linux-gnu/11/include] ==> [/usr/lib/gcc/x86_64-linux-gnu/11/include]
  collapse include dir [/usr/local/include] ==> [/usr/local/include]
  collapse include dir [/usr/include/x86_64-linux-gnu] ==> [/usr/include/x86_64-linux-gnu]
  collapse include dir [/usr/include] ==> [/usr/include]
  implicit include dirs: [/usr/include/c++/11;/usr/include/x86_64-linux-gnu/c++/11;/usr/include/c++/11/backward;/usr/lib/gcc/x86_64-linux-gnu/11/include;/usr/local/include;/usr/include/x86_64-linux-gnu;/usr/include]


Parsed CXX implicit link information from above output:
  link line regex: [^( *|.*[/\])(ld|CMAKE_LINK_STARTFILE-NOTFOUND|([^/\]+-)?ld|collect2)[^/\]*( |$)]
  ignore line: [Change Dir: /home/paolo/librtlsdr-android/fftw-3.3.10/build-lnx/CMakeFiles/CMakeTmp]
  ignore line: []
  ignore line: [Run Build Command(s):/usr/bin/gmake -f Makefile cmTC_741fb/fast && /usr/bin/gmake  -f CMakeFiles/cmTC_741fb.dir/build.make CMakeFiles/cmTC_741fb.dir/build]
  ignore line: [gmake[1]: Entering directory '/home/paolo/librtlsdr-android/fftw-3.3.10/build-lnx/CMakeFiles/CMakeTmp']
  ignore line: [Building CXX object CMakeFiles/cmTC_741fb.dir/CMakeCXXCompilerABI.cpp.o]
  ignore line: [/usr/bin/c++   -v -o CMakeFiles/cmTC_741fb.dir/CMakeCXXCompilerABI.cpp.o -c /usr/share/cmake-3.22/Modules/CMakeCXXCompilerABI.cpp]
  ignore line: [Using built-in specs.]
  ignore line: [COLLECT_GCC=/usr/bin/c++]
  ignore line: [OFFLOAD_TARGET_NAMES=nvptx-none:amdgcn-amdhsa]
  ignore line: [OFFLOAD_TARGET_DEFAULT=1]
  ignore line: [Target: x86_64-linux-gnu]
  ignore line: [Configured with: ../src/configure -v --with-pkgversion='Ubuntu 11.2.0-19ubuntu1' --with-bugurl=file:///usr/share/doc/gcc-11/README.Bugs --enable-languages=c ada c++ go brig d fortran objc obj-c++ m2 --prefix=/usr --with-gcc-major-version-only --program-suffix=-11 --program-prefix=x86_64-linux-gnu- --enable-shared --enable-linker-build-id --libexecdir=/usr/lib --without-included-gettext --enable-threads=posix --libdir=/usr/lib --enable-nls --enable-bootstrap --enable-clocale=gnu --enable-libstdcxx-debug --enable-libstdcxx-time=yes --with-default-libstdcxx-abi=new --enable-gnu-unique-object --disable-vtable-verify --enable-plugin --enable-default-pie --with-system-zlib --enable-libphobos-checking=release --with-target-system-zlib=auto --enable-objc-gc=auto --enable-multiarch --disable-werror --enable-cet --with-arch-32=i686 --with-abi=m64 --with-multilib-list=m32 m64 mx32 --enable-multilib --with-tune=generic --enable-offload-targets=nvptx-none=/build/gcc-11-gBFGDP/gcc-11-11.2.0/debian/tmp-nvptx/usr amdgcn-amdhsa=/build/gcc-11-gBFGDP/gcc-11-11.2.0/debian/tmp-gcn/usr --without-cuda-driver --enable-checking=release --build=x86_64-linux-gnu --host=x86_64-linux-gnu --target=x86_64-linux-gnu --with-build-config=bootstrap-lto-lean --enable-link-serialization=2]
  ignore line: [Thread model: posix]
  ignore line: [Supported LTO compression algorithms: zlib zstd]
  ignore line: [gcc version 11.2.0 (Ubuntu 11.2.0-19ubuntu1) ]
  ignore line: [COLLECT_GCC_OPTIONS='-v' '-o' 'CMakeFiles/cmTC_741fb.dir/CMakeCXXCompilerABI.cpp.o' '-c' '-shared-libgcc' '-mtune=generic' '-march=x86-64' '-dumpdir' 'CMakeFiles/cmTC_741fb.dir/']
  ignore line: [ /usr/lib/gcc/x86_64-linux-gnu/11/cc1plus -quiet -v -imultiarch x86_64-linux-gnu -D_GNU_SOURCE /usr/share/cmake-3.22/Modules/CMakeCXXCompilerABI.cpp -quiet -dumpdir CMakeFiles/cmTC_741fb.dir/ -dumpbase CMakeCXXCompilerABI.cpp.cpp -dumpbase-ext .cpp -mtune=generic -march=x86-64 -version -fasynchronous-unwind-tables -fstack-protector-strong -Wformat -Wformat-security -fstack-clash-protection -fcf-protection -o /tmp/ccUbjH9T.s]
  ignore line: [GNU C++17 (Ubuntu 11.2.0-19ubuntu1) version 11.2.0 (x86_64-linux-gnu)]
  ignore line: [	compiled by GNU C version 11.2.0  GMP version 6.2.1  MPFR version 4.1.0  MPC version 1.2.1  isl version isl-0.24-GMP]
  ignore line: []
  ignore line: [GGC heuristics: --param ggc-min-expand=100 --param ggc-min-heapsize=131072]
  ignore line: [ignoring duplicate directory "/usr/include/x86_64-linux-gnu/c++/11"]
  ignore line: [ignoring nonexistent directory "/usr/local/include/x86_64-linux-gnu"]
  ignore line: [ignoring nonexistent directory "/usr/lib/gcc/x86_64-linux-gnu/11/include-fixed"]
  ignore line: [ignoring nonexistent directory "/usr/lib/gcc/x86_64-linux-gnu/11/../../../../x86_64-linux-gnu/include"]
  ignore line: [#include "..." search starts here:]
  ignore line: [#include <...> search starts here:]
  ignore line: [ /usr/include/c++/11]
  ignore line: [ /usr/include/x86_64-linux-gnu/c++/11]
  ignore line: [ /usr/include/c++/11/backward]
  ignore line: [ /usr/lib/gcc/x86_64-linux-gnu/11/include]
  ignore line: [ /usr/local/include]
  ignore line: [ /usr/include/x86_64-linux-gnu]
  ignore line: [ /usr/include]
  ignore line: [End of search list.]
  ignore line: [GNU C++17 (Ubuntu 11.2.0-19ubuntu1) version 11.2.0 (x86_64-linux-gnu)]
  ignore line: [	compiled by GNU C version 11.2.0  GMP version 6.2.1  MPFR version 4.1.0  MPC version 1.2.1  isl version isl-0.24-GMP]
  ignore line: []
  ignore line: [GGC heuristics: --param ggc-min-expand=100 --param ggc-min-heapsize=131072]
  ignore line: [Compiler executable checksum: 619370d92bf6efc3023abfa7394da0c1]
  ignore line: [COLLECT_GCC_OPTIONS='-v' '-o' 'CMakeFiles/cmTC_741fb.dir/CMakeCXXCompilerABI.cpp.o' '-c' '-shared-libgcc' '-mtune=generic' '-march=x86-64' '-dumpdir' 'CMakeFiles/cmTC_741fb.dir/']
  ignore line: [ as -v --64 -o CMakeFiles/cmTC_741fb.dir/CMakeCXXCompilerABI.cpp.o /tmp/ccUbjH9T.s]
  ignore line: [GNU assembler version 2.38 (x86_64-linux-gnu) using BFD version (GNU Binutils for Ubuntu) 2.38]
  ignore line: [COMPILER_PATH=/usr/lib/gcc/x86_64-linux-gnu/11/:/usr/lib/gcc/x86_64-linux-gnu/11/:/usr/lib/gcc/x86_64-linux-gnu/:/usr/lib/gcc/x86_64-linux-gnu/11/:/usr/lib/gcc/x86_64-linux-gnu/]
  ignore line: [LIBRARY_PATH=/usr/lib/gcc/x86_64-linux-gnu/11/:/usr/lib/gcc/x86_64-linux-gnu/11/../../../x86_64-linux-gnu/:/usr/lib/gcc/x86_64-linux-gnu/11/../../../../lib/:/lib/x86_64-linux-gnu/:/lib/../lib/:/usr/lib/x86_64-linux-gnu/:/usr/lib/../lib/:/usr/lib/gcc/x86_64-linux-gnu/11/../../../:/lib/:/usr/lib/]
  ignore line: [COLLECT_GCC_OPTIONS='-v' '-o' 'CMakeFiles/cmTC_741fb.dir/CMakeCXXCompilerABI.cpp.o' '-c' '-shared-libgcc' '-mtune=generic' '-march=x86-64' '-dumpdir' 'CMakeFiles/cmTC_741fb.dir/CMakeCXXCompilerABI.cpp.']
  ignore line: [Linking CXX executable cmTC_741fb]
  ignore line: [/usr/bin/cmake -E cmake_link_script CMakeFiles/cmTC_741fb.dir/link.txt --verbose=1]
  ignore line: [/usr/bin/c++  -v -rdynamic CMakeFiles/cmTC_741fb.dir/CMakeCXXCompilerABI.cpp.o -o cmTC_741fb ]
  ignore line: [Using built-in specs.]
  ignore line: [COLLECT_GCC=/usr/bin/c++]
  ignore line: [COLLECT_LTO_WRAPPER=/usr/lib/gcc/x86_64-linux-gnu/11/lto-wrapper]
  ignore line: [OFFLOAD_TARGET_NAMES=nvptx-none:amdgcn-amdhsa]
  ignore line: [OFFLOAD_TARGET_DEFAULT=1]
  ignore line: [Target: x86_64-linux-gnu]
  ignore line: [Configured with: ../src/configure -v --with-pkgversion='Ubuntu 11.2.0-19ubuntu1' --with-bugurl=file:///usr/share/doc/gcc-11/README.Bugs --enable-languages=c ada c++ go brig d fortran objc obj-c++ m2 --prefix=/usr --with-gcc-major-version-only --program-suffix=-11 --program-prefix=x86_64-linux-gnu- --enable-shared --enable-linker-build-id --libexecdir=/usr/lib --without-included-gettext --enable-threads=posix --libdir=/usr/lib --enable-nls --enable-bootstrap --enable-clocale=gnu --enable-libstdcxx-debug --enable-libstdcxx-time=yes --with-default-libstdcxx-abi=new --enable-gnu-unique-object --disable-vtable-verify --enable-plugin --enable-default-pie --with-system-zlib --enable-libphobos-checking=release --with-target-system-zlib=auto --enable-objc-gc=auto --enable-multiarch --disable-werror --enable-cet --with-arch-32=i686 --with-abi=m64 --with-multilib-list=m32 m64 mx32 --enable-multilib --with-tune=generic --enable-offload-targets=nvptx-none=/build/gcc-11-gBFGDP/gcc-11-11.2.0/debian/tmp-nvptx/usr amdgcn-amdhsa=/build/gcc-11-gBFGDP/gcc-11-11.2.0/debian/tmp-gcn/usr --without-cuda-driver --enable-checking=release --build=x86_64-linux-gnu --host=x86_64-linux-gnu --target=x86_64-linux-gnu --with-build-config=bootstrap-lto-lean --enable-link-serialization=2]
  ignore line: [Thread model: posix]
  ignore line: [Supported LTO compression algorithms: zlib zstd]
  ignore line: [gcc version 11.2.0 (Ubuntu 11.2.0-19ubuntu1) ]
  ignore line: [COMPILER_PATH=/usr/lib/gcc/x86_64-linux-gnu/11/:/usr/lib/gcc/x86_64-linux-gnu/11/:/usr/lib/gcc/x86_64-linux-gnu/:/usr/lib/gcc/x86_64-linux-gnu/11/:/usr/lib/gcc/x86_64-linux-gnu/]
  ignore line: [LIBRARY_PATH=/usr/lib/gcc/x86_64-linux-gnu/11/:/usr/lib/gcc/x86_64-linux-gnu/11/../../../x86_64-linux-gnu/:/usr/lib/gcc/x86_64-linux-gnu/11/../../../../lib/:/lib/x86_64-linux-gnu/:/lib/../lib/:/usr/lib/x86_64-linux-gnu/:/usr/lib/../lib/:/usr/lib/gcc/x86_64-linux-gnu/11/../../../:/lib/:/usr/lib/]
  ignore line: [COLLECT_GCC_OPTIONS='-v' '-rdynamic' '-o' 'cmTC_741fb' '-shared-libgcc' '-mtune=generic' '-march=x86-64' '-dumpdir' 'cmTC_741fb.']
  link line: [ /usr/lib/gcc/x86_64-linux-gnu/11/collect2 -plugin /usr/lib/gcc/x86_64-linux-gnu/11/liblto_plugin.so -plugin-opt=/usr/lib/gcc/x86_64-linux-gnu/11/lto-wrapper -plugin-opt=-fresolution=/tmp/cct53FRV.res -plugin-opt=-pass-through=-lgcc_s -plugin-opt=-pass-through=-lgcc -plugin-opt=-pass-through=-lc -plugin-opt=-pass-through=-lgcc_s -plugin-opt=-pass-through=-lgcc --build-id --eh-frame-hdr -m elf_x86_64 --hash-style=gnu --as-needed -export-dynamic -dynamic-linker /lib64/ld-linux-x86-64.so.2 -pie -z now -z relro -o cmTC_741fb /usr/lib/gcc/x86_64-linux-gnu/11/../../../x86_64-linux-gnu/Scrt1.o /usr/lib/gcc/x86_64-linux-gnu/11/../../../x86_64-linux-gnu/crti.o /usr/lib/gcc/x86_64-linux-gnu/11/crtbeginS.o -L/usr/lib/gcc/x86_64-linux-gnu/11 -L/usr/lib/gcc/x86_64-linux-gnu/11/../../../x86_64-linux-gnu -L/usr/lib/gcc/x86_64-linux-gnu/11/../../../../lib -L/lib/x86_64-linux-gnu -L/lib/../lib -L/usr/lib/x86_64-linux-gnu -L/usr/lib/../lib -L/usr/lib/gcc/x86_64-linux-gnu/11/../../.. CMakeFiles/cmTC_741fb.dir/CMakeCXXCompilerABI.cpp.o -lstdc++ -lm -lgcc_s -lgcc -lc -lgcc_s -lgcc /usr/lib/gcc/x86_64-linux-gnu/11/crtendS.o /usr/lib/gcc/x86_64-linux-gnu/11/../../../x86_64-linux-gnu/crtn.o]
    arg [/usr/lib/gcc/x86_64-linux-gnu/11/collect2] ==> ignore
    arg [-plugin] ==> ignore
    arg [/usr/lib/gcc/x86_64-linux-gnu/11/liblto_plugin.so] ==> ignore
    arg [-plugin-opt=/usr/lib/gcc/x86_64-linux-gnu/11/lto-wrapper] ==> ignore
    arg [-plugin-opt=-fresolution=/tmp/cct53FRV.res] ==> ignore
    arg [-plugin-opt=-pass-through=-lgcc_s] ==> ignore
    arg [-plugin-opt=-pass-through=-lgcc] ==> ignore
    arg [-plugin-opt=-pass-through=-lc] ==> ignore
    arg [-plugin-opt=-pass-through=-lgcc_s] ==> ignore
    arg [-plugin-opt=-pass-through=-lgcc] ==> ignore
    arg [--build-id] ==> ignore
    arg [--eh-frame-hdr] ==> ignore
    arg [-m] ==> ignore
    arg [elf_x86_64] ==> ignore
    arg [--hash-style=gnu] ==> ignore
    arg [--as-needed] ==> ignore
    arg [-export-dynamic] ==> ignore
    arg [-dynamic-linker] ==> ignore
    arg [/lib64/ld-linux-x86-64.so.2] ==> ignore
    arg [-pie] ==> ignore
    arg [-znow] ==> ignore
    arg [-zrelro] ==> ignore
    arg [-o] ==> ignore
    arg [cmTC_741fb] ==> ignore
    arg [/usr/lib/gcc/x86_64-linux-gnu/11/../../../x86_64-linux-gnu/Scrt1.o] ==> obj [/usr/lib/gcc/x86_64-linux-gnu/11/../../../x86_64-linux-gnu/Scrt1.o]
    arg [/usr/lib/gcc/x86_64-linux-gnu/11/../../../x86_64-linux-gnu/crti.o] ==> obj [/usr/lib/gcc/x86_64-linux-gnu/11/../../../x86_64-linux-gnu/crti.o]
    arg [/usr/lib/gcc/x86_64-linux-gnu/11/crtbeginS.o] ==> obj [/usr/lib/gcc/x86_64-linux-gnu/11/crtbeginS.o]
    arg [-L/usr/lib/gcc/x86_64-linux-gnu/11] ==> dir [/usr/lib/gcc/x86_64-linux-gnu/11]
    arg [-L/usr/lib/gcc/x86_64-linux-gnu/11/../../../x86_64-linux-gnu] ==> dir [/usr/lib/gcc/x86_64-linux-gnu/11/../../../x86_64-linux-gnu]
    arg [-L/usr/lib/gcc/x86_64-linux-gnu/11/../../../../lib] ==> dir [/usr/lib/gcc/x86_64-linux-gnu/11/../../../../lib]
    arg [-L/lib/x86_64-linux-gnu] ==> dir [/lib/x86_64-linux-gnu]
    arg [-L/lib/../lib] ==> dir [/lib/../lib]
    arg [-L/usr/lib/x86_64-linux-gnu] ==> dir [/usr/lib/x86_64-linux-gnu]
    arg [-L/usr/lib/../lib] ==> dir [/usr/lib/../lib]
    arg [-L/usr/lib/gcc/x86_64-linux-gnu/11/../../..] ==> dir [/usr/lib/gcc/x86_64-linux-gnu/11/../../..]
    arg [CMakeFiles/cmTC_741fb.dir/CMakeCXXCompilerABI.cpp.o] ==> ignore
    arg [-lstdc++] ==> lib [stdc++]
    arg [-lm] ==> lib [m]
    arg [-lgcc_s] ==> lib [gcc_s]
    arg [-lgcc] ==> lib [gcc]
    arg [-lc] ==> lib [c]
    arg [-lgcc_s] ==> lib [gcc_s]
    arg [-lgcc] ==> lib [gcc]
    arg [/usr/lib/gcc/x86_64-linux-gnu/11/crtendS.o] ==> obj [/usr/lib/gcc/x86_64-linux-gnu/11/crtendS.o]
    arg [/usr/lib/gcc/x86_64-linux-gnu/11/../../../x86_64-linux-gnu/crtn.o] ==> obj [/usr/lib/gcc/x86_64-linux-gnu/11/../../../x86_64-linux-gnu/crtn.o]
  collapse obj [/usr/lib/gcc/x86_64-linux-gnu/11/../../../x86_64-linux-gnu/Scrt1.o] ==> [/usr/lib/x86_64-linux-gnu/Scrt1.o]
  collapse obj [/usr/lib/gcc/x86_64-linux-gnu/11/../../../x86_64-linux-gnu/crti.o] ==> [/usr/lib/x86_64-linux-gnu/crti.o]
  collapse obj [/usr/lib/gcc/x86_64-linux-gnu/11/../../../x86_64-linux-gnu/crtn.o] ==> [/usr/lib/x86_64-linux-gnu/crtn.o]
  collapse library dir [/usr/lib/gcc/x86_64-linux-gnu/11] ==> [/usr/lib/gcc/x86_64-linux-gnu/11]
  collapse library dir [/usr/lib/gcc/x86_64-linux-gnu/11/../../../x86_64-linux-gnu] ==> [/usr/lib/x86_64-linux-gnu]
  collapse library dir [/usr/lib/gcc/x86_64-linux-gnu/11/../../../../lib] ==> [/usr/lib]
  collapse library dir [/lib/x86_64-linux-gnu] ==> [/lib/x86_64-linux-gnu]
  collapse library dir [/lib/../lib] ==> [/lib]
  collapse library dir [/usr/lib/x86_64-linux-gnu] ==> [/usr/lib/x86_64-linux-gnu]
  collapse library dir [/usr/lib/../lib] ==> [/usr/lib]
  collapse library dir [/usr/lib/gcc/x86_64-linux-gnu/11/../../..] ==> [/usr/lib]
  implicit libs: [stdc++;m;gcc_s;gcc;c;gcc_s;gcc]
  implicit objs: [/usr/lib/x86_64-linux-gnu/Scrt1.o;/usr/lib/x86_64-linux-gnu/crti.o;/usr/lib/gcc/x86_64-linux-gnu/11/crtbeginS.o;/usr/lib/gcc/x86_64-linux-gnu/11/crtendS.o;/usr/lib/x86_64-linux-gnu/crtn.o]
  implicit dirs: [/usr/lib/gcc/x86_64-linux-gnu/11;/usr/lib/x86_64-linux-gnu;/usr/lib;/lib/x86_64-linux-gnu;/lib]
  implicit fwks: []


Determining if the include file alloca.h exists passed with the following output:
Change Dir: /home/paolo/librtlsdr-android/fftw-3.3.10/build-lnx/CMakeFiles/CMakeTmp

Run Build Command(s):/usr/bin/gmake -f Makefile cmTC_e7cc1/fast && /usr/bin/gmake  -f CMakeFiles/cmTC_e7cc1.dir/build.make CMakeFiles/cmTC_e7cc1.dir/build
gmake[1]: ingresso nella directory «/home/paolo/librtlsdr-android/fftw-3.3.10/build-lnx/CMakeFiles/CMakeTmp»
Building C object CMakeFiles/cmTC_e7cc1.dir/CheckIncludeFile.c.o
/usr/bin/cc    -o CMakeFiles/cmTC_e7cc1.dir/CheckIncludeFile.c.o -c /home/paolo/librtlsdr-android/fftw-3.3.10/build-lnx/CMakeFiles/CMakeTmp/CheckIncludeFile.c
Linking C executable cmTC_e7cc1
/usr/bin/cmake -E cmake_link_script CMakeFiles/cmTC_e7cc1.dir/link.txt --verbose=1
/usr/bin/cc -rdynamic CMakeFiles/cmTC_e7cc1.dir/CheckIncludeFile.c.o -o cmTC_e7cc1 
gmake[1]: uscita dalla directory «/home/paolo/librtlsdr-android/fftw-3.3.10/build-lnx/CMakeFiles/CMakeTmp»



Determining if the include file dlfcn.h exists passed with the following output:
Change Dir: /home/paolo/librtlsdr-android/fftw-3.3.10/build-lnx/CMakeFiles/CMakeTmp

Run Build Command(s):/usr/bin/gmake -f Makefile cmTC_f3046/fast && /usr/bin/gmake  -f CMakeFiles/cmTC_f3046.dir/build.make CMakeFiles/cmTC_f3046.dir/build
gmake[1]: ingresso nella directory «/home/paolo/librtlsdr-android/fftw-3.3.10/build-lnx/CMakeFiles/CMakeTmp»
Building C object CMakeFiles/cmTC_f3046.dir/CheckIncludeFile.c.o
/usr/bin/cc    -o CMakeFiles/cmTC_f3046.dir/CheckIncludeFile.c.o -c /home/paolo/librtlsdr-android/fftw-3.3.10/build-lnx/CMakeFiles/CMakeTmp/CheckIncludeFile.c
Linking C executable cmTC_f3046
/usr/bin/cmake -E cmake_link_script CMakeFiles/cmTC_f3046.dir/link.txt --verbose=1
/usr/bin/cc -rdynamic CMakeFiles/cmTC_f3046.dir/CheckIncludeFile.c.o -o cmTC_f3046 
gmake[1]: uscita dalla directory «/home/paolo/librtlsdr-android/fftw-3.3.10/build-lnx/CMakeFiles/CMakeTmp»



Determining if the include file inttypes.h exists passed with the following output:
Change Dir: /home/paolo/librtlsdr-android/fftw-3.3.10/build-lnx/CMakeFiles/CMakeTmp

Run Build Command(s):/usr/bin/gmake -f Makefile cmTC_b8507/fast && /usr/bin/gmake  -f CMakeFiles/cmTC_b8507.dir/build.make CMakeFiles/cmTC_b8507.dir/build
gmake[1]: ingresso nella directory «/home/paolo/librtlsdr-android/fftw-3.3.10/build-lnx/CMakeFiles/CMakeTmp»
Building C object CMakeFiles/cmTC_b8507.dir/CheckIncludeFile.c.o
/usr/bin/cc    -o CMakeFiles/cmTC_b8507.dir/CheckIncludeFile.c.o -c /home/paolo/librtlsdr-android/fftw-3.3.10/build-lnx/CMakeFiles/CMakeTmp/CheckIncludeFile.c
Linking C executable cmTC_b8507
/usr/bin/cmake -E cmake_link_script CMakeFiles/cmTC_b8507.dir/link.txt --verbose=1
/usr/bin/cc -rdynamic CMakeFiles/cmTC_b8507.dir/CheckIncludeFile.c.o -o cmTC_b8507 
gmake[1]: uscita dalla directory «/home/paolo/librtlsdr-android/fftw-3.3.10/build-lnx/CMakeFiles/CMakeTmp»



Determining if the include file libintl.h exists passed with the following output:
Change Dir: /home/paolo/librtlsdr-android/fftw-3.3.10/build-lnx/CMakeFiles/CMakeTmp

Run Build Command(s):/usr/bin/gmake -f Makefile cmTC_708b7/fast && /usr/bin/gmake  -f CMakeFiles/cmTC_708b7.dir/build.make CMakeFiles/cmTC_708b7.dir/build
gmake[1]: ingresso nella directory «/home/paolo/librtlsdr-android/fftw-3.3.10/build-lnx/CMakeFiles/CMakeTmp»
Building C object CMakeFiles/cmTC_708b7.dir/CheckIncludeFile.c.o
/usr/bin/cc    -o CMakeFiles/cmTC_708b7.dir/CheckIncludeFile.c.o -c /home/paolo/librtlsdr-android/fftw-3.3.10/build-lnx/CMakeFiles/CMakeTmp/CheckIncludeFile.c
Linking C executable cmTC_708b7
/usr/bin/cmake -E cmake_link_script CMakeFiles/cmTC_708b7.dir/link.txt --verbose=1
/usr/bin/cc -rdynamic CMakeFiles/cmTC_708b7.dir/CheckIncludeFile.c.o -o cmTC_708b7 
gmake[1]: uscita dalla directory «/home/paolo/librtlsdr-android/fftw-3.3.10/build-lnx/CMakeFiles/CMakeTmp»



Determining if the include file limits.h exists passed with the following output:
Change Dir: /home/paolo/librtlsdr-android/fftw-3.3.10/build-lnx/CMakeFiles/CMakeTmp

Run Build Command(s):/usr/bin/gmake -f Makefile cmTC_dcab9/fast && /usr/bin/gmake  -f CMakeFiles/cmTC_dcab9.dir/build.make CMakeFiles/cmTC_dcab9.dir/build
gmake[1]: ingresso nella directory «/home/paolo/librtlsdr-android/fftw-3.3.10/build-lnx/CMakeFiles/CMakeTmp»
Building C object CMakeFiles/cmTC_dcab9.dir/CheckIncludeFile.c.o
/usr/bin/cc    -o CMakeFiles/cmTC_dcab9.dir/CheckIncludeFile.c.o -c /home/paolo/librtlsdr-android/fftw-3.3.10/build-lnx/CMakeFiles/CMakeTmp/CheckIncludeFile.c
Linking C executable cmTC_dcab9
/usr/bin/cmake -E cmake_link_script CMakeFiles/cmTC_dcab9.dir/link.txt --verbose=1
/usr/bin/cc -rdynamic CMakeFiles/cmTC_dcab9.dir/CheckIncludeFile.c.o -o cmTC_dcab9 
gmake[1]: uscita dalla directory «/home/paolo/librtlsdr-android/fftw-3.3.10/build-lnx/CMakeFiles/CMakeTmp»



Determining if the include file malloc.h exists passed with the following output:
Change Dir: /home/paolo/librtlsdr-android/fftw-3.3.10/build-lnx/CMakeFiles/CMakeTmp

Run Build Command(s):/usr/bin/gmake -f Makefile cmTC_ac168/fast && /usr/bin/gmake  -f CMakeFiles/cmTC_ac168.dir/build.make CMakeFiles/cmTC_ac168.dir/build
gmake[1]: ingresso nella directory «/home/paolo/librtlsdr-android/fftw-3.3.10/build-lnx/CMakeFiles/CMakeTmp»
Building C object CMakeFiles/cmTC_ac168.dir/CheckIncludeFile.c.o
/usr/bin/cc    -o CMakeFiles/cmTC_ac168.dir/CheckIncludeFile.c.o -c /home/paolo/librtlsdr-android/fftw-3.3.10/build-lnx/CMakeFiles/CMakeTmp/CheckIncludeFile.c
Linking C executable cmTC_ac168
/usr/bin/cmake -E cmake_link_script CMakeFiles/cmTC_ac168.dir/link.txt --verbose=1
/usr/bin/cc -rdynamic CMakeFiles/cmTC_ac168.dir/CheckIncludeFile.c.o -o cmTC_ac168 
gmake[1]: uscita dalla directory «/home/paolo/librtlsdr-android/fftw-3.3.10/build-lnx/CMakeFiles/CMakeTmp»



Determining if the include file memory.h exists passed with the following output:
Change Dir: /home/paolo/librtlsdr-android/fftw-3.3.10/build-lnx/CMakeFiles/CMakeTmp

Run Build Command(s):/usr/bin/gmake -f Makefile cmTC_c9f24/fast && /usr/bin/gmake  -f CMakeFiles/cmTC_c9f24.dir/build.make CMakeFiles/cmTC_c9f24.dir/build
gmake[1]: ingresso nella directory «/home/paolo/librtlsdr-android/fftw-3.3.10/build-lnx/CMakeFiles/CMakeTmp»
Building C object CMakeFiles/cmTC_c9f24.dir/CheckIncludeFile.c.o
/usr/bin/cc    -o CMakeFiles/cmTC_c9f24.dir/CheckIncludeFile.c.o -c /home/paolo/librtlsdr-android/fftw-3.3.10/build-lnx/CMakeFiles/CMakeTmp/CheckIncludeFile.c
Linking C executable cmTC_c9f24
/usr/bin/cmake -E cmake_link_script CMakeFiles/cmTC_c9f24.dir/link.txt --verbose=1
/usr/bin/cc -rdynamic CMakeFiles/cmTC_c9f24.dir/CheckIncludeFile.c.o -o cmTC_c9f24 
gmake[1]: uscita dalla directory «/home/paolo/librtlsdr-android/fftw-3.3.10/build-lnx/CMakeFiles/CMakeTmp»



Determining if the include file stddef.h exists passed with the following output:
Change Dir: /home/paolo/librtlsdr-android/fftw-3.3.10/build-lnx/CMakeFiles/CMakeTmp

Run Build Command(s):/usr/bin/gmake -f Makefile cmTC_da9f7/fast && /usr/bin/gmake  -f CMakeFiles/cmTC_da9f7.dir/build.make CMakeFiles/cmTC_da9f7.dir/build
gmake[1]: ingresso nella directory «/home/paolo/librtlsdr-android/fftw-3.3.10/build-lnx/CMakeFiles/CMakeTmp»
Building C object CMakeFiles/cmTC_da9f7.dir/CheckIncludeFile.c.o
/usr/bin/cc    -o CMakeFiles/cmTC_da9f7.dir/CheckIncludeFile.c.o -c /home/paolo/librtlsdr-android/fftw-3.3.10/build-lnx/CMakeFiles/CMakeTmp/CheckIncludeFile.c
Linking C executable cmTC_da9f7
/usr/bin/cmake -E cmake_link_script CMakeFiles/cmTC_da9f7.dir/link.txt --verbose=1
/usr/bin/cc -rdynamic CMakeFiles/cmTC_da9f7.dir/CheckIncludeFile.c.o -o cmTC_da9f7 
gmake[1]: uscita dalla directory «/home/paolo/librtlsdr-android/fftw-3.3.10/build-lnx/CMakeFiles/CMakeTmp»



Determining if the include file stdint.h exists passed with the following output:
Change Dir: /home/paolo/librtlsdr-android/fftw-3.3.10/build-lnx/CMakeFiles/CMakeTmp

Run Build Command(s):/usr/bin/gmake -f Makefile cmTC_1bc07/fast && /usr/bin/gmake  -f CMakeFiles/cmTC_1bc07.dir/build.make CMakeFiles/cmTC_1bc07.dir/build
gmake[1]: ingresso nella directory «/home/paolo/librtlsdr-android/fftw-3.3.10/build-lnx/CMakeFiles/CMakeTmp»
Building C object CMakeFiles/cmTC_1bc07.dir/CheckIncludeFile.c.o
/usr/bin/cc    -o CMakeFiles/cmTC_1bc07.dir/CheckIncludeFile.c.o -c /home/paolo/librtlsdr-android/fftw-3.3.10/build-lnx/CMakeFiles/CMakeTmp/CheckIncludeFile.c
Linking C executable cmTC_1bc07
/usr/bin/cmake -E cmake_link_script CMakeFiles/cmTC_1bc07.dir/link.txt --verbose=1
/usr/bin/cc -rdynamic CMakeFiles/cmTC_1bc07.dir/CheckIncludeFile.c.o -o cmTC_1bc07 
gmake[1]: uscita dalla directory «/home/paolo/librtlsdr-android/fftw-3.3.10/build-lnx/CMakeFiles/CMakeTmp»



Determining if the include file stdlib.h exists passed with the following output:
Change Dir: /home/paolo/librtlsdr-android/fftw-3.3.10/build-lnx/CMakeFiles/CMakeTmp

Run Build Command(s):/usr/bin/gmake -f Makefile cmTC_4bb50/fast && /usr/bin/gmake  -f CMakeFiles/cmTC_4bb50.dir/build.make CMakeFiles/cmTC_4bb50.dir/build
gmake[1]: ingresso nella directory «/home/paolo/librtlsdr-android/fftw-3.3.10/build-lnx/CMakeFiles/CMakeTmp»
Building C object CMakeFiles/cmTC_4bb50.dir/CheckIncludeFile.c.o
/usr/bin/cc    -o CMakeFiles/cmTC_4bb50.dir/CheckIncludeFile.c.o -c /home/paolo/librtlsdr-android/fftw-3.3.10/build-lnx/CMakeFiles/CMakeTmp/CheckIncludeFile.c
Linking C executable cmTC_4bb50
/usr/bin/cmake -E cmake_link_script CMakeFiles/cmTC_4bb50.dir/link.txt --verbose=1
/usr/bin/cc -rdynamic CMakeFiles/cmTC_4bb50.dir/CheckIncludeFile.c.o -o cmTC_4bb50 
gmake[1]: uscita dalla directory «/home/paolo/librtlsdr-android/fftw-3.3.10/build-lnx/CMakeFiles/CMakeTmp»



Determining if the include file string.h exists passed with the following output:
Change Dir: /home/paolo/librtlsdr-android/fftw-3.3.10/build-lnx/CMakeFiles/CMakeTmp

Run Build Command(s):/usr/bin/gmake -f Makefile cmTC_4e59b/fast && /usr/bin/gmake  -f CMakeFiles/cmTC_4e59b.dir/build.make CMakeFiles/cmTC_4e59b.dir/build
gmake[1]: ingresso nella directory «/home/paolo/librtlsdr-android/fftw-3.3.10/build-lnx/CMakeFiles/CMakeTmp»
Building C object CMakeFiles/cmTC_4e59b.dir/CheckIncludeFile.c.o
/usr/bin/cc    -o CMakeFiles/cmTC_4e59b.dir/CheckIncludeFile.c.o -c /home/paolo/librtlsdr-android/fftw-3.3.10/build-lnx/CMakeFiles/CMakeTmp/CheckIncludeFile.c
Linking C executable cmTC_4e59b
/usr/bin/cmake -E cmake_link_script CMakeFiles/cmTC_4e59b.dir/link.txt --verbose=1
/usr/bin/cc -rdynamic CMakeFiles/cmTC_4e59b.dir/CheckIncludeFile.c.o -o cmTC_4e59b 
gmake[1]: uscita dalla directory «/home/paolo/librtlsdr-android/fftw-3.3.10/build-lnx/CMakeFiles/CMakeTmp»



Determining if the include file strings.h exists passed with the following output:
Change Dir: /home/paolo/librtlsdr-android/fftw-3.3.10/build-lnx/CMakeFiles/CMakeTmp

Run Build Command(s):/usr/bin/gmake -f Makefile cmTC_2dde3/fast && /usr/bin/gmake  -f CMakeFiles/cmTC_2dde3.dir/build.make CMakeFiles/cmTC_2dde3.dir/build
gmake[1]: ingresso nella directory «/home/paolo/librtlsdr-android/fftw-3.3.10/build-lnx/CMakeFiles/CMakeTmp»
Building C object CMakeFiles/cmTC_2dde3.dir/CheckIncludeFile.c.o
/usr/bin/cc    -o CMakeFiles/cmTC_2dde3.dir/CheckIncludeFile.c.o -c /home/paolo/librtlsdr-android/fftw-3.3.10/build-lnx/CMakeFiles/CMakeTmp/CheckIncludeFile.c
Linking C executable cmTC_2dde3
/usr/bin/cmake -E cmake_link_script CMakeFiles/cmTC_2dde3.dir/link.txt --verbose=1
/usr/bin/cc -rdynamic CMakeFiles/cmTC_2dde3.dir/CheckIncludeFile.c.o -o cmTC_2dde3 
gmake[1]: uscita dalla directory «/home/paolo/librtlsdr-android/fftw-3.3.10/build-lnx/CMakeFiles/CMakeTmp»



Determining if the include file sys/types.h exists passed with the following output:
Change Dir: /home/paolo/librtlsdr-android/fftw-3.3.10/build-lnx/CMakeFiles/CMakeTmp

Run Build Command(s):/usr/bin/gmake -f Makefile cmTC_e835a/fast && /usr/bin/gmake  -f CMakeFiles/cmTC_e835a.dir/build.make CMakeFiles/cmTC_e835a.dir/build
gmake[1]: ingresso nella directory «/home/paolo/librtlsdr-android/fftw-3.3.10/build-lnx/CMakeFiles/CMakeTmp»
Building C object CMakeFiles/cmTC_e835a.dir/CheckIncludeFile.c.o
/usr/bin/cc    -o CMakeFiles/cmTC_e835a.dir/CheckIncludeFile.c.o -c /home/paolo/librtlsdr-android/fftw-3.3.10/build-lnx/CMakeFiles/CMakeTmp/CheckIncludeFile.c
Linking C executable cmTC_e835a
/usr/bin/cmake -E cmake_link_script CMakeFiles/cmTC_e835a.dir/link.txt --verbose=1
/usr/bin/cc -rdynamic CMakeFiles/cmTC_e835a.dir/CheckIncludeFile.c.o -o cmTC_e835a 
gmake[1]: uscita dalla directory «/home/paolo/librtlsdr-android/fftw-3.3.10/build-lnx/CMakeFiles/CMakeTmp»



Determining if the include file sys/time.h exists passed with the following output:
Change Dir: /home/paolo/librtlsdr-android/fftw-3.3.10/build-lnx/CMakeFiles/CMakeTmp

Run Build Command(s):/usr/bin/gmake -f Makefile cmTC_a435a/fast && /usr/bin/gmake  -f CMakeFiles/cmTC_a435a.dir/build.make CMakeFiles/cmTC_a435a.dir/build
gmake[1]: ingresso nella directory «/home/paolo/librtlsdr-android/fftw-3.3.10/build-lnx/CMakeFiles/CMakeTmp»
Building C object CMakeFiles/cmTC_a435a.dir/CheckIncludeFile.c.o
/usr/bin/cc    -o CMakeFiles/cmTC_a435a.dir/CheckIncludeFile.c.o -c /home/paolo/librtlsdr-android/fftw-3.3.10/build-lnx/CMakeFiles/CMakeTmp/CheckIncludeFile.c
Linking C executable cmTC_a435a
/usr/bin/cmake -E cmake_link_script CMakeFiles/cmTC_a435a.dir/link.txt --verbose=1
/usr/bin/cc -rdynamic CMakeFiles/cmTC_a435a.dir/CheckIncludeFile.c.o -o cmTC_a435a 
gmake[1]: uscita dalla directory «/home/paolo/librtlsdr-android/fftw-3.3.10/build-lnx/CMakeFiles/CMakeTmp»



Determining if the include file sys/stat.h exists passed with the following output:
Change Dir: /home/paolo/librtlsdr-android/fftw-3.3.10/build-lnx/CMakeFiles/CMakeTmp

Run Build Command(s):/usr/bin/gmake -f Makefile cmTC_a621c/fast && /usr/bin/gmake  -f CMakeFiles/cmTC_a621c.dir/build.make CMakeFiles/cmTC_a621c.dir/build
gmake[1]: ingresso nella directory «/home/paolo/librtlsdr-android/fftw-3.3.10/build-lnx/CMakeFiles/CMakeTmp»
Building C object CMakeFiles/cmTC_a621c.dir/CheckIncludeFile.c.o
/usr/bin/cc    -o CMakeFiles/cmTC_a621c.dir/CheckIncludeFile.c.o -c /home/paolo/librtlsdr-android/fftw-3.3.10/build-lnx/CMakeFiles/CMakeTmp/CheckIncludeFile.c
Linking C executable cmTC_a621c
/usr/bin/cmake -E cmake_link_script CMakeFiles/cmTC_a621c.dir/link.txt --verbose=1
/usr/bin/cc -rdynamic CMakeFiles/cmTC_a621c.dir/CheckIncludeFile.c.o -o cmTC_a621c 
gmake[1]: uscita dalla directory «/home/paolo/librtlsdr-android/fftw-3.3.10/build-lnx/CMakeFiles/CMakeTmp»



Determining if the include file time.h exists passed with the following output:
Change Dir: /home/paolo/librtlsdr-android/fftw-3.3.10/build-lnx/CMakeFiles/CMakeTmp

Run Build Command(s):/usr/bin/gmake -f Makefile cmTC_ef2a5/fast && /usr/bin/gmake  -f CMakeFiles/cmTC_ef2a5.dir/build.make CMakeFiles/cmTC_ef2a5.dir/build
gmake[1]: ingresso nella directory «/home/paolo/librtlsdr-android/fftw-3.3.10/build-lnx/CMakeFiles/CMakeTmp»
Building C object CMakeFiles/cmTC_ef2a5.dir/CheckIncludeFile.c.o
/usr/bin/cc    -o CMakeFiles/cmTC_ef2a5.dir/CheckIncludeFile.c.o -c /home/paolo/librtlsdr-android/fftw-3.3.10/build-lnx/CMakeFiles/CMakeTmp/CheckIncludeFile.c
Linking C executable cmTC_ef2a5
/usr/bin/cmake -E cmake_link_script CMakeFiles/cmTC_ef2a5.dir/link.txt --verbose=1
/usr/bin/cc -rdynamic CMakeFiles/cmTC_ef2a5.dir/CheckIncludeFile.c.o -o cmTC_ef2a5 
gmake[1]: uscita dalla directory «/home/paolo/librtlsdr-android/fftw-3.3.10/build-lnx/CMakeFiles/CMakeTmp»



Determining if the include file unistd.h exists passed with the following output:
Change Dir: /home/paolo/librtlsdr-android/fftw-3.3.10/build-lnx/CMakeFiles/CMakeTmp

Run Build Command(s):/usr/bin/gmake -f Makefile cmTC_3be0d/fast && /usr/bin/gmake  -f CMakeFiles/cmTC_3be0d.dir/build.make CMakeFiles/cmTC_3be0d.dir/build
gmake[1]: ingresso nella directory «/home/paolo/librtlsdr-android/fftw-3.3.10/build-lnx/CMakeFiles/CMakeTmp»
Building C object CMakeFiles/cmTC_3be0d.dir/CheckIncludeFile.c.o
/usr/bin/cc    -o CMakeFiles/cmTC_3be0d.dir/CheckIncludeFile.c.o -c /home/paolo/librtlsdr-android/fftw-3.3.10/build-lnx/CMakeFiles/CMakeTmp/CheckIncludeFile.c
Linking C executable cmTC_3be0d
/usr/bin/cmake -E cmake_link_script CMakeFiles/cmTC_3be0d.dir/link.txt --verbose=1
/usr/bin/cc -rdynamic CMakeFiles/cmTC_3be0d.dir/CheckIncludeFile.c.o -o cmTC_3be0d 
gmake[1]: uscita dalla directory «/home/paolo/librtlsdr-android/fftw-3.3.10/build-lnx/CMakeFiles/CMakeTmp»



Determining if the prototype drand48 exists for HAVE_DECL_DRAND48 passed with the following output:
Change Dir: /home/paolo/librtlsdr-android/fftw-3.3.10/build-lnx/CMakeFiles/CMakeTmp

Run Build Command(s):/usr/bin/gmake -f Makefile cmTC_45d14/fast && /usr/bin/gmake  -f CMakeFiles/cmTC_45d14.dir/build.make CMakeFiles/cmTC_45d14.dir/build
gmake[1]: ingresso nella directory «/home/paolo/librtlsdr-android/fftw-3.3.10/build-lnx/CMakeFiles/CMakeTmp»
Building C object CMakeFiles/cmTC_45d14.dir/CheckPrototypeDefinition.c.o
/usr/bin/cc    -o CMakeFiles/cmTC_45d14.dir/CheckPrototypeDefinition.c.o -c /home/paolo/librtlsdr-android/fftw-3.3.10/build-lnx/CMakeFiles/CMakeTmp/CheckPrototypeDefinition.c
Linking C executable cmTC_45d14
/usr/bin/cmake -E cmake_link_script CMakeFiles/cmTC_45d14.dir/link.txt --verbose=1
/usr/bin/cc -rdynamic CMakeFiles/cmTC_45d14.dir/CheckPrototypeDefinition.c.o -o cmTC_45d14 
gmake[1]: uscita dalla directory «/home/paolo/librtlsdr-android/fftw-3.3.10/build-lnx/CMakeFiles/CMakeTmp»



Determining if the prototype srand48 exists for HAVE_DECL_SRAND48 passed with the following output:
Change Dir: /home/paolo/librtlsdr-android/fftw-3.3.10/build-lnx/CMakeFiles/CMakeTmp

Run Build Command(s):/usr/bin/gmake -f Makefile cmTC_7ad37/fast && /usr/bin/gmake  -f CMakeFiles/cmTC_7ad37.dir/build.make CMakeFiles/cmTC_7ad37.dir/build
gmake[1]: ingresso nella directory «/home/paolo/librtlsdr-android/fftw-3.3.10/build-lnx/CMakeFiles/CMakeTmp»
Building C object CMakeFiles/cmTC_7ad37.dir/CheckPrototypeDefinition.c.o
/usr/bin/cc    -o CMakeFiles/cmTC_7ad37.dir/CheckPrototypeDefinition.c.o -c /home/paolo/librtlsdr-android/fftw-3.3.10/build-lnx/CMakeFiles/CMakeTmp/CheckPrototypeDefinition.c
/home/paolo/librtlsdr-android/fftw-3.3.10/build-lnx/CMakeFiles/CMakeTmp/CheckPrototypeDefinition.c: In function ‘srand48’:
/home/paolo/librtlsdr-android/fftw-3.3.10/build-lnx/CMakeFiles/CMakeTmp/CheckPrototypeDefinition.c:15:10: warning: ‘return’ with a value, in function returning void
   15 |   return 0;
      |          ^
In file included from /home/paolo/librtlsdr-android/fftw-3.3.10/build-lnx/CMakeFiles/CMakeTmp/CheckPrototypeDefinition.c:1:
/usr/include/stdlib.h:482:13: note: declared here
  482 | extern void srand48 (long int __seedval) __THROW;
      |             ^~~~~~~
Linking C executable cmTC_7ad37
/usr/bin/cmake -E cmake_link_script CMakeFiles/cmTC_7ad37.dir/link.txt --verbose=1
/usr/bin/cc -rdynamic CMakeFiles/cmTC_7ad37.dir/CheckPrototypeDefinition.c.o -o cmTC_7ad37 
gmake[1]: uscita dalla directory «/home/paolo/librtlsdr-android/fftw-3.3.10/build-lnx/CMakeFiles/CMakeTmp»



Determining if the prototype cosl exists for HAVE_DECL_COSL passed with the following output:
Change Dir: /home/paolo/librtlsdr-android/fftw-3.3.10/build-lnx/CMakeFiles/CMakeTmp

Run Build Command(s):/usr/bin/gmake -f Makefile cmTC_442a3/fast && /usr/bin/gmake  -f CMakeFiles/cmTC_442a3.dir/build.make CMakeFiles/cmTC_442a3.dir/build
gmake[1]: ingresso nella directory «/home/paolo/librtlsdr-android/fftw-3.3.10/build-lnx/CMakeFiles/CMakeTmp»
Building C object CMakeFiles/cmTC_442a3.dir/CheckPrototypeDefinition.c.o
/usr/bin/cc    -o CMakeFiles/cmTC_442a3.dir/CheckPrototypeDefinition.c.o -c /home/paolo/librtlsdr-android/fftw-3.3.10/build-lnx/CMakeFiles/CMakeTmp/CheckPrototypeDefinition.c
Linking C executable cmTC_442a3
/usr/bin/cmake -E cmake_link_script CMakeFiles/cmTC_442a3.dir/link.txt --verbose=1
/usr/bin/cc -rdynamic CMakeFiles/cmTC_442a3.dir/CheckPrototypeDefinition.c.o -o cmTC_442a3 
gmake[1]: uscita dalla directory «/home/paolo/librtlsdr-android/fftw-3.3.10/build-lnx/CMakeFiles/CMakeTmp»



Determining if the prototype sinl exists for HAVE_DECL_SINL passed with the following output:
Change Dir: /home/paolo/librtlsdr-android/fftw-3.3.10/build-lnx/CMakeFiles/CMakeTmp

Run Build Command(s):/usr/bin/gmake -f Makefile cmTC_08a0c/fast && /usr/bin/gmake  -f CMakeFiles/cmTC_08a0c.dir/build.make CMakeFiles/cmTC_08a0c.dir/build
gmake[1]: ingresso nella directory «/home/paolo/librtlsdr-android/fftw-3.3.10/build-lnx/CMakeFiles/CMakeTmp»
Building C object CMakeFiles/cmTC_08a0c.dir/CheckPrototypeDefinition.c.o
/usr/bin/cc    -o CMakeFiles/cmTC_08a0c.dir/CheckPrototypeDefinition.c.o -c /home/paolo/librtlsdr-android/fftw-3.3.10/build-lnx/CMakeFiles/CMakeTmp/CheckPrototypeDefinition.c
Linking C executable cmTC_08a0c
/usr/bin/cmake -E cmake_link_script CMakeFiles/cmTC_08a0c.dir/link.txt --verbose=1
/usr/bin/cc -rdynamic CMakeFiles/cmTC_08a0c.dir/CheckPrototypeDefinition.c.o -o cmTC_08a0c 
gmake[1]: uscita dalla directory «/home/paolo/librtlsdr-android/fftw-3.3.10/build-lnx/CMakeFiles/CMakeTmp»



Determining if the prototype memalign exists for HAVE_DECL_MEMALIGN passed with the following output:
Change Dir: /home/paolo/librtlsdr-android/fftw-3.3.10/build-lnx/CMakeFiles/CMakeTmp

Run Build Command(s):/usr/bin/gmake -f Makefile cmTC_ed345/fast && /usr/bin/gmake  -f CMakeFiles/cmTC_ed345.dir/build.make CMakeFiles/cmTC_ed345.dir/build
gmake[1]: ingresso nella directory «/home/paolo/librtlsdr-android/fftw-3.3.10/build-lnx/CMakeFiles/CMakeTmp»
Building C object CMakeFiles/cmTC_ed345.dir/CheckPrototypeDefinition.c.o
/usr/bin/cc    -o CMakeFiles/cmTC_ed345.dir/CheckPrototypeDefinition.c.o -c /home/paolo/librtlsdr-android/fftw-3.3.10/build-lnx/CMakeFiles/CMakeTmp/CheckPrototypeDefinition.c
Linking C executable cmTC_ed345
/usr/bin/cmake -E cmake_link_script CMakeFiles/cmTC_ed345.dir/link.txt --verbose=1
/usr/bin/cc -rdynamic CMakeFiles/cmTC_ed345.dir/CheckPrototypeDefinition.c.o -o cmTC_ed345 
gmake[1]: uscita dalla directory «/home/paolo/librtlsdr-android/fftw-3.3.10/build-lnx/CMakeFiles/CMakeTmp»



Determining if the prototype posix_memalign exists for HAVE_DECL_POSIX_MEMALIGN passed with the following output:
Change Dir: /home/paolo/librtlsdr-android/fftw-3.3.10/build-lnx/CMakeFiles/CMakeTmp

Run Build Command(s):/usr/bin/gmake -f Makefile cmTC_04bea/fast && /usr/bin/gmake  -f CMakeFiles/cmTC_04bea.dir/build.make CMakeFiles/cmTC_04bea.dir/build
gmake[1]: ingresso nella directory «/home/paolo/librtlsdr-android/fftw-3.3.10/build-lnx/CMakeFiles/CMakeTmp»
Building C object CMakeFiles/cmTC_04bea.dir/CheckPrototypeDefinition.c.o
/usr/bin/cc    -o CMakeFiles/cmTC_04bea.dir/CheckPrototypeDefinition.c.o -c /home/paolo/librtlsdr-android/fftw-3.3.10/build-lnx/CMakeFiles/CMakeTmp/CheckPrototypeDefinition.c
Linking C executable cmTC_04bea
/usr/bin/cmake -E cmake_link_script CMakeFiles/cmTC_04bea.dir/link.txt --verbose=1
/usr/bin/cc -rdynamic CMakeFiles/cmTC_04bea.dir/CheckPrototypeDefinition.c.o -o cmTC_04bea 
gmake[1]: uscita dalla directory «/home/paolo/librtlsdr-android/fftw-3.3.10/build-lnx/CMakeFiles/CMakeTmp»



Determining if the clock_gettime exist passed with the following output:
Change Dir: /home/paolo/librtlsdr-android/fftw-3.3.10/build-lnx/CMakeFiles/CMakeTmp

Run Build Command(s):/usr/bin/gmake -f Makefile cmTC_56982/fast && /usr/bin/gmake  -f CMakeFiles/cmTC_56982.dir/build.make CMakeFiles/cmTC_56982.dir/build
gmake[1]: ingresso nella directory «/home/paolo/librtlsdr-android/fftw-3.3.10/build-lnx/CMakeFiles/CMakeTmp»
Building C object CMakeFiles/cmTC_56982.dir/CheckSymbolExists.c.o
/usr/bin/cc    -o CMakeFiles/cmTC_56982.dir/CheckSymbolExists.c.o -c /home/paolo/librtlsdr-android/fftw-3.3.10/build-lnx/CMakeFiles/CMakeTmp/CheckSymbolExists.c
Linking C executable cmTC_56982
/usr/bin/cmake -E cmake_link_script CMakeFiles/cmTC_56982.dir/link.txt --verbose=1
/usr/bin/cc -rdynamic CMakeFiles/cmTC_56982.dir/CheckSymbolExists.c.o -o cmTC_56982 
gmake[1]: uscita dalla directory «/home/paolo/librtlsdr-android/fftw-3.3.10/build-lnx/CMakeFiles/CMakeTmp»


File /home/paolo/librtlsdr-android/fftw-3.3.10/build-lnx/CMakeFiles/CMakeTmp/CheckSymbolExists.c:
/* */
#include <time.h>

int main(int argc, char** argv)
{
  (void)argv;
#ifndef clock_gettime
  return ((int*)(&clock_gettime))[argc];
#else
  (void)argc;
  return 0;
#endif
}
Determining if the gettimeofday exist passed with the following output:
Change Dir: /home/paolo/librtlsdr-android/fftw-3.3.10/build-lnx/CMakeFiles/CMakeTmp

Run Build Command(s):/usr/bin/gmake -f Makefile cmTC_2b6fa/fast && /usr/bin/gmake  -f CMakeFiles/cmTC_2b6fa.dir/build.make CMakeFiles/cmTC_2b6fa.dir/build
gmake[1]: ingresso nella directory «/home/paolo/librtlsdr-android/fftw-3.3.10/build-lnx/CMakeFiles/CMakeTmp»
Building C object CMakeFiles/cmTC_2b6fa.dir/CheckSymbolExists.c.o
/usr/bin/cc    -o CMakeFiles/cmTC_2b6fa.dir/CheckSymbolExists.c.o -c /home/paolo/librtlsdr-android/fftw-3.3.10/build-lnx/CMakeFiles/CMakeTmp/CheckSymbolExists.c
Linking C executable cmTC_2b6fa
/usr/bin/cmake -E cmake_link_script CMakeFiles/cmTC_2b6fa.dir/link.txt --verbose=1
/usr/bin/cc -rdynamic CMakeFiles/cmTC_2b6fa.dir/CheckSymbolExists.c.o -o cmTC_2b6fa 
gmake[1]: uscita dalla directory «/home/paolo/librtlsdr-android/fftw-3.3.10/build-lnx/CMakeFiles/CMakeTmp»


File /home/paolo/librtlsdr-android/fftw-3.3.10/build-lnx/CMakeFiles/CMakeTmp/CheckSymbolExists.c:
/* */
#include <sys/time.h>

int main(int argc, char** argv)
{
  (void)argv;
#ifndef gettimeofday
  return ((int*)(&gettimeofday))[argc];
#else
  (void)argc;
  return 0;
#endif
}
Determining if the getpagesize exist passed with the following output:
Change Dir: /home/paolo/librtlsdr-android/fftw-3.3.10/build-lnx/CMakeFiles/CMakeTmp

Run Build Command(s):/usr/bin/gmake -f Makefile cmTC_d5a83/fast && /usr/bin/gmake  -f CMakeFiles/cmTC_d5a83.dir/build.make CMakeFiles/cmTC_d5a83.dir/build
gmake[1]: ingresso nella directory «/home/paolo/librtlsdr-android/fftw-3.3.10/build-lnx/CMakeFiles/CMakeTmp»
Building C object CMakeFiles/cmTC_d5a83.dir/CheckSymbolExists.c.o
/usr/bin/cc    -o CMakeFiles/cmTC_d5a83.dir/CheckSymbolExists.c.o -c /home/paolo/librtlsdr-android/fftw-3.3.10/build-lnx/CMakeFiles/CMakeTmp/CheckSymbolExists.c
Linking C executable cmTC_d5a83
/usr/bin/cmake -E cmake_link_script CMakeFiles/cmTC_d5a83.dir/link.txt --verbose=1
/usr/bin/cc -rdynamic CMakeFiles/cmTC_d5a83.dir/CheckSymbolExists.c.o -o cmTC_d5a83 
gmake[1]: uscita dalla directory «/home/paolo/librtlsdr-android/fftw-3.3.10/build-lnx/CMakeFiles/CMakeTmp»


File /home/paolo/librtlsdr-android/fftw-3.3.10/build-lnx/CMakeFiles/CMakeTmp/CheckSymbolExists.c:
/* */
#include <unistd.h>

int main(int argc, char** argv)
{
  (void)argv;
#ifndef getpagesize
  return ((int*)(&getpagesize))[argc];
#else
  (void)argc;
  return 0;
#endif
}
Determining if the drand48 exist passed with the following output:
Change Dir: /home/paolo/librtlsdr-android/fftw-3.3.10/build-lnx/CMakeFiles/CMakeTmp

Run Build Command(s):/usr/bin/gmake -f Makefile cmTC_18011/fast && /usr/bin/gmake  -f CMakeFiles/cmTC_18011.dir/build.make CMakeFiles/cmTC_18011.dir/build
gmake[1]: ingresso nella directory «/home/paolo/librtlsdr-android/fftw-3.3.10/build-lnx/CMakeFiles/CMakeTmp»
Building C object CMakeFiles/cmTC_18011.dir/CheckSymbolExists.c.o
/usr/bin/cc    -o CMakeFiles/cmTC_18011.dir/CheckSymbolExists.c.o -c /home/paolo/librtlsdr-android/fftw-3.3.10/build-lnx/CMakeFiles/CMakeTmp/CheckSymbolExists.c
Linking C executable cmTC_18011
/usr/bin/cmake -E cmake_link_script CMakeFiles/cmTC_18011.dir/link.txt --verbose=1
/usr/bin/cc -rdynamic CMakeFiles/cmTC_18011.dir/CheckSymbolExists.c.o -o cmTC_18011 
gmake[1]: uscita dalla directory «/home/paolo/librtlsdr-android/fftw-3.3.10/build-lnx/CMakeFiles/CMakeTmp»


File /home/paolo/librtlsdr-android/fftw-3.3.10/build-lnx/CMakeFiles/CMakeTmp/CheckSymbolExists.c:
/* */
#include <stdlib.h>

int main(int argc, char** argv)
{
  (void)argv;
#ifndef drand48
  return ((int*)(&drand48))[argc];
#else
  (void)argc;
  return 0;
#endif
}
Determining if the srand48 exist passed with the following output:
Change Dir: /home/paolo/librtlsdr-android/fftw-3.3.10/build-lnx/CMakeFiles/CMakeTmp

Run Build Command(s):/usr/bin/gmake -f Makefile cmTC_fc684/fast && /usr/bin/gmake  -f CMakeFiles/cmTC_fc684.dir/build.make CMakeFiles/cmTC_fc684.dir/build
gmake[1]: ingresso nella directory «/home/paolo/librtlsdr-android/fftw-3.3.10/build-lnx/CMakeFiles/CMakeTmp»
Building C object CMakeFiles/cmTC_fc684.dir/CheckSymbolExists.c.o
/usr/bin/cc    -o CMakeFiles/cmTC_fc684.dir/CheckSymbolExists.c.o -c /home/paolo/librtlsdr-android/fftw-3.3.10/build-lnx/CMakeFiles/CMakeTmp/CheckSymbolExists.c
Linking C executable cmTC_fc684
/usr/bin/cmake -E cmake_link_script CMakeFiles/cmTC_fc684.dir/link.txt --verbose=1
/usr/bin/cc -rdynamic CMakeFiles/cmTC_fc684.dir/CheckSymbolExists.c.o -o cmTC_fc684 
gmake[1]: uscita dalla directory «/home/paolo/librtlsdr-android/fftw-3.3.10/build-lnx/CMakeFiles/CMakeTmp»


File /home/paolo/librtlsdr-android/fftw-3.3.10/build-lnx/CMakeFiles/CMakeTmp/CheckSymbolExists.c:
/* */
#include <stdlib.h>

int main(int argc, char** argv)
{
  (void)argv;
#ifndef srand48
  return ((int*)(&srand48))[argc];
#else
  (void)argc;
  return 0;
#endif
}
Determining if the memalign exist passed with the following output:
Change Dir: /home/paolo/librtlsdr-android/fftw-3.3.10/build-lnx/CMakeFiles/CMakeTmp

Run Build Command(s):/usr/bin/gmake -f Makefile cmTC_0cfdd/fast && /usr/bin/gmake  -f CMakeFiles/cmTC_0cfdd.dir/build.make CMakeFiles/cmTC_0cfdd.dir/build
gmake[1]: ingresso nella directory «/home/paolo/librtlsdr-android/fftw-3.3.10/build-lnx/CMakeFiles/CMakeTmp»
Building C object CMakeFiles/cmTC_0cfdd.dir/CheckSymbolExists.c.o
/usr/bin/cc    -o CMakeFiles/cmTC_0cfdd.dir/CheckSymbolExists.c.o -c /home/paolo/librtlsdr-android/fftw-3.3.10/build-lnx/CMakeFiles/CMakeTmp/CheckSymbolExists.c
Linking C executable cmTC_0cfdd
/usr/bin/cmake -E cmake_link_script CMakeFiles/cmTC_0cfdd.dir/link.txt --verbose=1
/usr/bin/cc -rdynamic CMakeFiles/cmTC_0cfdd.dir/CheckSymbolExists.c.o -o cmTC_0cfdd 
gmake[1]: uscita dalla directory «/home/paolo/librtlsdr-android/fftw-3.3.10/build-lnx/CMakeFiles/CMakeTmp»


File /home/paolo/librtlsdr-android/fftw-3.3.10/build-lnx/CMakeFiles/CMakeTmp/CheckSymbolExists.c:
/* */
#include <malloc.h>

int main(int argc, char** argv)
{
  (void)argv;
#ifndef memalign
  return ((int*)(&memalign))[argc];
#else
  (void)argc;
  return 0;
#endif
}
Determining if the posix_memalign exist passed with the following output:
Change Dir: /home/paolo/librtlsdr-android/fftw-3.3.10/build-lnx/CMakeFiles/CMakeTmp

Run Build Command(s):/usr/bin/gmake -f Makefile cmTC_c4e64/fast && /usr/bin/gmake  -f CMakeFiles/cmTC_c4e64.dir/build.make CMakeFiles/cmTC_c4e64.dir/build
gmake[1]: ingresso nella directory «/home/paolo/librtlsdr-android/fftw-3.3.10/build-lnx/CMakeFiles/CMakeTmp»
Building C object CMakeFiles/cmTC_c4e64.dir/CheckSymbolExists.c.o
/usr/bin/cc    -o CMakeFiles/cmTC_c4e64.dir/CheckSymbolExists.c.o -c /home/paolo/librtlsdr-android/fftw-3.3.10/build-lnx/CMakeFiles/CMakeTmp/CheckSymbolExists.c
Linking C executable cmTC_c4e64
/usr/bin/cmake -E cmake_link_script CMakeFiles/cmTC_c4e64.dir/link.txt --verbose=1
/usr/bin/cc -rdynamic CMakeFiles/cmTC_c4e64.dir/CheckSymbolExists.c.o -o cmTC_c4e64 
gmake[1]: uscita dalla directory «/home/paolo/librtlsdr-android/fftw-3.3.10/build-lnx/CMakeFiles/CMakeTmp»


File /home/paolo/librtlsdr-android/fftw-3.3.10/build-lnx/CMakeFiles/CMakeTmp/CheckSymbolExists.c:
/* */
#include <stdlib.h>

int main(int argc, char** argv)
{
  (void)argv;
#ifndef posix_memalign
  return ((int*)(&posix_memalign))[argc];
#else
  (void)argc;
  return 0;
#endif
}
Determining if the alloca exist passed with the following output:
Change Dir: /home/paolo/librtlsdr-android/fftw-3.3.10/build-lnx/CMakeFiles/CMakeTmp

Run Build Command(s):/usr/bin/gmake -f Makefile cmTC_74660/fast && /usr/bin/gmake  -f CMakeFiles/cmTC_74660.dir/build.make CMakeFiles/cmTC_74660.dir/build
gmake[1]: ingresso nella directory «/home/paolo/librtlsdr-android/fftw-3.3.10/build-lnx/CMakeFiles/CMakeTmp»
Building C object CMakeFiles/cmTC_74660.dir/CheckSymbolExists.c.o
/usr/bin/cc    -o CMakeFiles/cmTC_74660.dir/CheckSymbolExists.c.o -c /home/paolo/librtlsdr-android/fftw-3.3.10/build-lnx/CMakeFiles/CMakeTmp/CheckSymbolExists.c
Linking C executable cmTC_74660
/usr/bin/cmake -E cmake_link_script CMakeFiles/cmTC_74660.dir/link.txt --verbose=1
/usr/bin/cc -rdynamic CMakeFiles/cmTC_74660.dir/CheckSymbolExists.c.o -o cmTC_74660 
gmake[1]: uscita dalla directory «/home/paolo/librtlsdr-android/fftw-3.3.10/build-lnx/CMakeFiles/CMakeTmp»


File /home/paolo/librtlsdr-android/fftw-3.3.10/build-lnx/CMakeFiles/CMakeTmp/CheckSymbolExists.c:
/* */
#include <alloca.h>

int main(int argc, char** argv)
{
  (void)argv;
#ifndef alloca
  return ((int*)(&alloca))[argc];
#else
  (void)argc;
  return 0;
#endif
}
Determining if the isnan exist passed with the following output:
Change Dir: /home/paolo/librtlsdr-android/fftw-3.3.10/build-lnx/CMakeFiles/CMakeTmp

Run Build Command(s):/usr/bin/gmake -f Makefile cmTC_09199/fast && /usr/bin/gmake  -f CMakeFiles/cmTC_09199.dir/build.make CMakeFiles/cmTC_09199.dir/build
gmake[1]: ingresso nella directory «/home/paolo/librtlsdr-android/fftw-3.3.10/build-lnx/CMakeFiles/CMakeTmp»
Building C object CMakeFiles/cmTC_09199.dir/CheckSymbolExists.c.o
/usr/bin/cc    -o CMakeFiles/cmTC_09199.dir/CheckSymbolExists.c.o -c /home/paolo/librtlsdr-android/fftw-3.3.10/build-lnx/CMakeFiles/CMakeTmp/CheckSymbolExists.c
Linking C executable cmTC_09199
/usr/bin/cmake -E cmake_link_script CMakeFiles/cmTC_09199.dir/link.txt --verbose=1
/usr/bin/cc -rdynamic CMakeFiles/cmTC_09199.dir/CheckSymbolExists.c.o -o cmTC_09199 
gmake[1]: uscita dalla directory «/home/paolo/librtlsdr-android/fftw-3.3.10/build-lnx/CMakeFiles/CMakeTmp»


File /home/paolo/librtlsdr-android/fftw-3.3.10/build-lnx/CMakeFiles/CMakeTmp/CheckSymbolExists.c:
/* */
#include <math.h>

int main(int argc, char** argv)
{
  (void)argv;
#ifndef isnan
  return ((int*)(&isnan))[argc];
#else
  (void)argc;
  return 0;
#endif
}
Determining if the snprintf exist passed with the following output:
Change Dir: /home/paolo/librtlsdr-android/fftw-3.3.10/build-lnx/CMakeFiles/CMakeTmp

Run Build Command(s):/usr/bin/gmake -f Makefile cmTC_2bf89/fast && /usr/bin/gmake  -f CMakeFiles/cmTC_2bf89.dir/build.make CMakeFiles/cmTC_2bf89.dir/build
gmake[1]: ingresso nella directory «/home/paolo/librtlsdr-android/fftw-3.3.10/build-lnx/CMakeFiles/CMakeTmp»
Building C object CMakeFiles/cmTC_2bf89.dir/CheckSymbolExists.c.o
/usr/bin/cc    -o CMakeFiles/cmTC_2bf89.dir/CheckSymbolExists.c.o -c /home/paolo/librtlsdr-android/fftw-3.3.10/build-lnx/CMakeFiles/CMakeTmp/CheckSymbolExists.c
Linking C executable cmTC_2bf89
/usr/bin/cmake -E cmake_link_script CMakeFiles/cmTC_2bf89.dir/link.txt --verbose=1
/usr/bin/cc -rdynamic CMakeFiles/cmTC_2bf89.dir/CheckSymbolExists.c.o -o cmTC_2bf89 
gmake[1]: uscita dalla directory «/home/paolo/librtlsdr-android/fftw-3.3.10/build-lnx/CMakeFiles/CMakeTmp»


File /home/paolo/librtlsdr-android/fftw-3.3.10/build-lnx/CMakeFiles/CMakeTmp/CheckSymbolExists.c:
/* */
#include <stdio.h>

int main(int argc, char** argv)
{
  (void)argv;
#ifndef snprintf
  return ((int*)(&snprintf))[argc];
#else
  (void)argc;
  return 0;
#endif
}
Determining if the strchr exist passed with the following output:
Change Dir: /home/paolo/librtlsdr-android/fftw-3.3.10/build-lnx/CMakeFiles/CMakeTmp

Run Build Command(s):/usr/bin/gmake -f Makefile cmTC_edb22/fast && /usr/bin/gmake  -f CMakeFiles/cmTC_edb22.dir/build.make CMakeFiles/cmTC_edb22.dir/build
gmake[1]: ingresso nella directory «/home/paolo/librtlsdr-android/fftw-3.3.10/build-lnx/CMakeFiles/CMakeTmp»
Building C object CMakeFiles/cmTC_edb22.dir/CheckSymbolExists.c.o
/usr/bin/cc    -o CMakeFiles/cmTC_edb22.dir/CheckSymbolExists.c.o -c /home/paolo/librtlsdr-android/fftw-3.3.10/build-lnx/CMakeFiles/CMakeTmp/CheckSymbolExists.c
Linking C executable cmTC_edb22
/usr/bin/cmake -E cmake_link_script CMakeFiles/cmTC_edb22.dir/link.txt --verbose=1
/usr/bin/cc -rdynamic CMakeFiles/cmTC_edb22.dir/CheckSymbolExists.c.o -o cmTC_edb22 
gmake[1]: uscita dalla directory «/home/paolo/librtlsdr-android/fftw-3.3.10/build-lnx/CMakeFiles/CMakeTmp»


File /home/paolo/librtlsdr-android/fftw-3.3.10/build-lnx/CMakeFiles/CMakeTmp/CheckSymbolExists.c:
/* */
#include <string.h>

int main(int argc, char** argv)
{
  (void)argv;
#ifndef strchr
  return ((int*)(&strchr))[argc];
#else
  (void)argc;
  return 0;
#endif
}
Determining if the cosl exist passed with the following output:
Change Dir: /home/paolo/librtlsdr-android/fftw-3.3.10/build-lnx/CMakeFiles/CMakeTmp

Run Build Command(s):/usr/bin/gmake -f Makefile cmTC_a6c66/fast && /usr/bin/gmake  -f CMakeFiles/cmTC_a6c66.dir/build.make CMakeFiles/cmTC_a6c66.dir/build
gmake[1]: ingresso nella directory «/home/paolo/librtlsdr-android/fftw-3.3.10/build-lnx/CMakeFiles/CMakeTmp»
Building C object CMakeFiles/cmTC_a6c66.dir/CheckSymbolExists.c.o
/usr/bin/cc    -o CMakeFiles/cmTC_a6c66.dir/CheckSymbolExists.c.o -c /home/paolo/librtlsdr-android/fftw-3.3.10/build-lnx/CMakeFiles/CMakeTmp/CheckSymbolExists.c
Linking C executable cmTC_a6c66
/usr/bin/cmake -E cmake_link_script CMakeFiles/cmTC_a6c66.dir/link.txt --verbose=1
/usr/bin/cc -rdynamic CMakeFiles/cmTC_a6c66.dir/CheckSymbolExists.c.o -o cmTC_a6c66  -lm 
gmake[1]: uscita dalla directory «/home/paolo/librtlsdr-android/fftw-3.3.10/build-lnx/CMakeFiles/CMakeTmp»


File /home/paolo/librtlsdr-android/fftw-3.3.10/build-lnx/CMakeFiles/CMakeTmp/CheckSymbolExists.c:
/* */
#include <math.h>

int main(int argc, char** argv)
{
  (void)argv;
#ifndef cosl
  return ((int*)(&cosl))[argc];
#else
  (void)argc;
  return 0;
#endif
}
Determining if the sinl exist passed with the following output:
Change Dir: /home/paolo/librtlsdr-android/fftw-3.3.10/build-lnx/CMakeFiles/CMakeTmp

Run Build Command(s):/usr/bin/gmake -f Makefile cmTC_46d58/fast && /usr/bin/gmake  -f CMakeFiles/cmTC_46d58.dir/build.make CMakeFiles/cmTC_46d58.dir/build
gmake[1]: ingresso nella directory «/home/paolo/librtlsdr-android/fftw-3.3.10/build-lnx/CMakeFiles/CMakeTmp»
Building C object CMakeFiles/cmTC_46d58.dir/CheckSymbolExists.c.o
/usr/bin/cc    -o CMakeFiles/cmTC_46d58.dir/CheckSymbolExists.c.o -c /home/paolo/librtlsdr-android/fftw-3.3.10/build-lnx/CMakeFiles/CMakeTmp/CheckSymbolExists.c
Linking C executable cmTC_46d58
/usr/bin/cmake -E cmake_link_script CMakeFiles/cmTC_46d58.dir/link.txt --verbose=1
/usr/bin/cc -rdynamic CMakeFiles/cmTC_46d58.dir/CheckSymbolExists.c.o -o cmTC_46d58  -lm 
gmake[1]: uscita dalla directory «/home/paolo/librtlsdr-android/fftw-3.3.10/build-lnx/CMakeFiles/CMakeTmp»


File /home/paolo/librtlsdr-android/fftw-3.3.10/build-lnx/CMakeFiles/CMakeTmp/CheckSymbolExists.c:
/* */
#include <math.h>

int main(int argc, char** argv)
{
  (void)argv;
#ifndef sinl
  return ((int*)(&sinl))[argc];
#else
  (void)argc;
  return 0;
#endif
}
Determining size of float passed with the following output:
Change Dir: /home/paolo/librtlsdr-android/fftw-3.3.10/build-lnx/CMakeFiles/CMakeTmp

Run Build Command(s):/usr/bin/gmake -f Makefile cmTC_1a7f5/fast && /usr/bin/gmake  -f CMakeFiles/cmTC_1a7f5.dir/build.make CMakeFiles/cmTC_1a7f5.dir/build
gmake[1]: ingresso nella directory «/home/paolo/librtlsdr-android/fftw-3.3.10/build-lnx/CMakeFiles/CMakeTmp»
Building C object CMakeFiles/cmTC_1a7f5.dir/SIZEOF_FLOAT.c.o
/usr/bin/cc    -o CMakeFiles/cmTC_1a7f5.dir/SIZEOF_FLOAT.c.o -c /home/paolo/librtlsdr-android/fftw-3.3.10/build-lnx/CMakeFiles/CheckTypeSize/SIZEOF_FLOAT.c
Linking C executable cmTC_1a7f5
/usr/bin/cmake -E cmake_link_script CMakeFiles/cmTC_1a7f5.dir/link.txt --verbose=1
/usr/bin/cc -rdynamic CMakeFiles/cmTC_1a7f5.dir/SIZEOF_FLOAT.c.o -o cmTC_1a7f5  -lm 
gmake[1]: uscita dalla directory «/home/paolo/librtlsdr-android/fftw-3.3.10/build-lnx/CMakeFiles/CMakeTmp»



Determining size of double passed with the following output:
Change Dir: /home/paolo/librtlsdr-android/fftw-3.3.10/build-lnx/CMakeFiles/CMakeTmp

Run Build Command(s):/usr/bin/gmake -f Makefile cmTC_e4e1e/fast && /usr/bin/gmake  -f CMakeFiles/cmTC_e4e1e.dir/build.make CMakeFiles/cmTC_e4e1e.dir/build
gmake[1]: ingresso nella directory «/home/paolo/librtlsdr-android/fftw-3.3.10/build-lnx/CMakeFiles/CMakeTmp»
Building C object CMakeFiles/cmTC_e4e1e.dir/SIZEOF_DOUBLE.c.o
/usr/bin/cc    -o CMakeFiles/cmTC_e4e1e.dir/SIZEOF_DOUBLE.c.o -c /home/paolo/librtlsdr-android/fftw-3.3.10/build-lnx/CMakeFiles/CheckTypeSize/SIZEOF_DOUBLE.c
Linking C executable cmTC_e4e1e
/usr/bin/cmake -E cmake_link_script CMakeFiles/cmTC_e4e1e.dir/link.txt --verbose=1
/usr/bin/cc -rdynamic CMakeFiles/cmTC_e4e1e.dir/SIZEOF_DOUBLE.c.o -o cmTC_e4e1e  -lm 
gmake[1]: uscita dalla directory «/home/paolo/librtlsdr-android/fftw-3.3.10/build-lnx/CMakeFiles/CMakeTmp»



Determining size of int passed with the following output:
Change Dir: /home/paolo/librtlsdr-android/fftw-3.3.10/build-lnx/CMakeFiles/CMakeTmp

Run Build Command(s):/usr/bin/gmake -f Makefile cmTC_cc651/fast && /usr/bin/gmake  -f CMakeFiles/cmTC_cc651.dir/build.make CMakeFiles/cmTC_cc651.dir/build
gmake[1]: ingresso nella directory «/home/paolo/librtlsdr-android/fftw-3.3.10/build-lnx/CMakeFiles/CMakeTmp»
Building C object CMakeFiles/cmTC_cc651.dir/SIZEOF_INT.c.o
/usr/bin/cc    -o CMakeFiles/cmTC_cc651.dir/SIZEOF_INT.c.o -c /home/paolo/librtlsdr-android/fftw-3.3.10/build-lnx/CMakeFiles/CheckTypeSize/SIZEOF_INT.c
Linking C executable cmTC_cc651
/usr/bin/cmake -E cmake_link_script CMakeFiles/cmTC_cc651.dir/link.txt --verbose=1
/usr/bin/cc -rdynamic CMakeFiles/cmTC_cc651.dir/SIZEOF_INT.c.o -o cmTC_cc651  -lm 
gmake[1]: uscita dalla directory «/home/paolo/librtlsdr-android/fftw-3.3.10/build-lnx/CMakeFiles/CMakeTmp»



Determining size of long passed with the following output:
Change Dir: /home/paolo/librtlsdr-android/fftw-3.3.10/build-lnx/CMakeFiles/CMakeTmp

Run Build Command(s):/usr/bin/gmake -f Makefile cmTC_ef44d/fast && /usr/bin/gmake  -f CMakeFiles/cmTC_ef44d.dir/build.make CMakeFiles/cmTC_ef44d.dir/build
gmake[1]: ingresso nella directory «/home/paolo/librtlsdr-android/fftw-3.3.10/build-lnx/CMakeFiles/CMakeTmp»
Building C object CMakeFiles/cmTC_ef44d.dir/SIZEOF_LONG.c.o
/usr/bin/cc    -o CMakeFiles/cmTC_ef44d.dir/SIZEOF_LONG.c.o -c /home/paolo/librtlsdr-android/fftw-3.3.10/build-lnx/CMakeFiles/CheckTypeSize/SIZEOF_LONG.c
Linking C executable cmTC_ef44d
/usr/bin/cmake -E cmake_link_script CMakeFiles/cmTC_ef44d.dir/link.txt --verbose=1
/usr/bin/cc -rdynamic CMakeFiles/cmTC_ef44d.dir/SIZEOF_LONG.c.o -o cmTC_ef44d  -lm 
gmake[1]: uscita dalla directory «/home/paolo/librtlsdr-android/fftw-3.3.10/build-lnx/CMakeFiles/CMakeTmp»



Determining size of long long passed with the following output:
Change Dir: /home/paolo/librtlsdr-android/fftw-3.3.10/build-lnx/CMakeFiles/CMakeTmp

Run Build Command(s):/usr/bin/gmake -f Makefile cmTC_e20e6/fast && /usr/bin/gmake  -f CMakeFiles/cmTC_e20e6.dir/build.make CMakeFiles/cmTC_e20e6.dir/build
gmake[1]: ingresso nella directory «/home/paolo/librtlsdr-android/fftw-3.3.10/build-lnx/CMakeFiles/CMakeTmp»
Building C object CMakeFiles/cmTC_e20e6.dir/SIZEOF_LONG_LONG.c.o
/usr/bin/cc    -o CMakeFiles/cmTC_e20e6.dir/SIZEOF_LONG_LONG.c.o -c /home/paolo/librtlsdr-android/fftw-3.3.10/build-lnx/CMakeFiles/CheckTypeSize/SIZEOF_LONG_LONG.c
Linking C executable cmTC_e20e6
/usr/bin/cmake -E cmake_link_script CMakeFiles/cmTC_e20e6.dir/link.txt --verbose=1
/usr/bin/cc -rdynamic CMakeFiles/cmTC_e20e6.dir/SIZEOF_LONG_LONG.c.o -o cmTC_e20e6  -lm 
gmake[1]: uscita dalla directory «/home/paolo/librtlsdr-android/fftw-3.3.10/build-lnx/CMakeFiles/CMakeTmp»



Determining size of unsigned int passed with the following output:
Change Dir: /home/paolo/librtlsdr-android/fftw-3.3.10/build-lnx/CMakeFiles/CMakeTmp

Run Build Command(s):/usr/bin/gmake -f Makefile cmTC_8970e/fast && /usr/bin/gmake  -f CMakeFiles/cmTC_8970e.dir/build.make CMakeFiles/cmTC_8970e.dir/build
gmake[1]: ingresso nella directory «/home/paolo/librtlsdr-android/fftw-3.3.10/build-lnx/CMakeFiles/CMakeTmp»
Building C object CMakeFiles/cmTC_8970e.dir/SIZEOF_UNSIGNED_INT.c.o
/usr/bin/cc    -o CMakeFiles/cmTC_8970e.dir/SIZEOF_UNSIGNED_INT.c.o -c /home/paolo/librtlsdr-android/fftw-3.3.10/build-lnx/CMakeFiles/CheckTypeSize/SIZEOF_UNSIGNED_INT.c
Linking C executable cmTC_8970e
/usr/bin/cmake -E cmake_link_script CMakeFiles/cmTC_8970e.dir/link.txt --verbose=1
/usr/bin/cc -rdynamic CMakeFiles/cmTC_8970e.dir/SIZEOF_UNSIGNED_INT.c.o -o cmTC_8970e  -lm 
gmake[1]: uscita dalla directory «/home/paolo/librtlsdr-android/fftw-3.3.10/build-lnx/CMakeFiles/CMakeTmp»



Determining size of unsigned long passed with the following output:
Change Dir: /home/paolo/librtlsdr-android/fftw-3.3.10/build-lnx/CMakeFiles/CMakeTmp

Run Build Command(s):/usr/bin/gmake -f Makefile cmTC_ed7a6/fast && /usr/bin/gmake  -f CMakeFiles/cmTC_ed7a6.dir/build.make CMakeFiles/cmTC_ed7a6.dir/build
gmake[1]: ingresso nella directory «/home/paolo/librtlsdr-android/fftw-3.3.10/build-lnx/CMakeFiles/CMakeTmp»
Building C object CMakeFiles/cmTC_ed7a6.dir/SIZEOF_UNSIGNED_LONG.c.o
/usr/bin/cc    -o CMakeFiles/cmTC_ed7a6.dir/SIZEOF_UNSIGNED_LONG.c.o -c /home/paolo/librtlsdr-android/fftw-3.3.10/build-lnx/CMakeFiles/CheckTypeSize/SIZEOF_UNSIGNED_LONG.c
Linking C executable cmTC_ed7a6
/usr/bin/cmake -E cmake_link_script CMakeFiles/cmTC_ed7a6.dir/link.txt --verbose=1
/usr/bin/cc -rdynamic CMakeFiles/cmTC_ed7a6.dir/SIZEOF_UNSIGNED_LONG.c.o -o cmTC_ed7a6  -lm 
gmake[1]: uscita dalla directory «/home/paolo/librtlsdr-android/fftw-3.3.10/build-lnx/CMakeFiles/CMakeTmp»



Determining size of unsigned long long passed with the following output:
Change Dir: /home/paolo/librtlsdr-android/fftw-3.3.10/build-lnx/CMakeFiles/CMakeTmp

Run Build Command(s):/usr/bin/gmake -f Makefile cmTC_1f701/fast && /usr/bin/gmake  -f CMakeFiles/cmTC_1f701.dir/build.make CMakeFiles/cmTC_1f701.dir/build
gmake[1]: ingresso nella directory «/home/paolo/librtlsdr-android/fftw-3.3.10/build-lnx/CMakeFiles/CMakeTmp»
Building C object CMakeFiles/cmTC_1f701.dir/SIZEOF_UNSIGNED_LONG_LONG.c.o
/usr/bin/cc    -o CMakeFiles/cmTC_1f701.dir/SIZEOF_UNSIGNED_LONG_LONG.c.o -c /home/paolo/librtlsdr-android/fftw-3.3.10/build-lnx/CMakeFiles/CheckTypeSize/SIZEOF_UNSIGNED_LONG_LONG.c
Linking C executable cmTC_1f701
/usr/bin/cmake -E cmake_link_script CMakeFiles/cmTC_1f701.dir/link.txt --verbose=1
/usr/bin/cc -rdynamic CMakeFiles/cmTC_1f701.dir/SIZEOF_UNSIGNED_LONG_LONG.c.o -o cmTC_1f701  -lm 
gmake[1]: uscita dalla directory «/home/paolo/librtlsdr-android/fftw-3.3.10/build-lnx/CMakeFiles/CMakeTmp»



Determining size of size_t passed with the following output:
Change Dir: /home/paolo/librtlsdr-android/fftw-3.3.10/build-lnx/CMakeFiles/CMakeTmp

Run Build Command(s):/usr/bin/gmake -f Makefile cmTC_d7187/fast && /usr/bin/gmake  -f CMakeFiles/cmTC_d7187.dir/build.make CMakeFiles/cmTC_d7187.dir/build
gmake[1]: ingresso nella directory «/home/paolo/librtlsdr-android/fftw-3.3.10/build-lnx/CMakeFiles/CMakeTmp»
Building C object CMakeFiles/cmTC_d7187.dir/SIZEOF_SIZE_T.c.o
/usr/bin/cc    -o CMakeFiles/cmTC_d7187.dir/SIZEOF_SIZE_T.c.o -c /home/paolo/librtlsdr-android/fftw-3.3.10/build-lnx/CMakeFiles/CheckTypeSize/SIZEOF_SIZE_T.c
Linking C executable cmTC_d7187
/usr/bin/cmake -E cmake_link_script CMakeFiles/cmTC_d7187.dir/link.txt --verbose=1
/usr/bin/cc -rdynamic CMakeFiles/cmTC_d7187.dir/SIZEOF_SIZE_T.c.o -o cmTC_d7187  -lm 
gmake[1]: uscita dalla directory «/home/paolo/librtlsdr-android/fftw-3.3.10/build-lnx/CMakeFiles/CMakeTmp»



Determining size of ptrdiff_t passed with the following output:
Change Dir: /home/paolo/librtlsdr-android/fftw-3.3.10/build-lnx/CMakeFiles/CMakeTmp

Run Build Command(s):/usr/bin/gmake -f Makefile cmTC_042a7/fast && /usr/bin/gmake  -f CMakeFiles/cmTC_042a7.dir/build.make CMakeFiles/cmTC_042a7.dir/build
gmake[1]: ingresso nella directory «/home/paolo/librtlsdr-android/fftw-3.3.10/build-lnx/CMakeFiles/CMakeTmp»
Building C object CMakeFiles/cmTC_042a7.dir/SIZEOF_PTRDIFF_T.c.o
/usr/bin/cc    -o CMakeFiles/cmTC_042a7.dir/SIZEOF_PTRDIFF_T.c.o -c /home/paolo/librtlsdr-android/fftw-3.3.10/build-lnx/CMakeFiles/CheckTypeSize/SIZEOF_PTRDIFF_T.c
Linking C executable cmTC_042a7
/usr/bin/cmake -E cmake_link_script CMakeFiles/cmTC_042a7.dir/link.txt --verbose=1
/usr/bin/cc -rdynamic CMakeFiles/cmTC_042a7.dir/SIZEOF_PTRDIFF_T.c.o -o cmTC_042a7  -lm 
gmake[1]: uscita dalla directory «/home/paolo/librtlsdr-android/fftw-3.3.10/build-lnx/CMakeFiles/CMakeTmp»



