Determining if the include file altivec.h exists failed with the following output:
Change Dir: /home/paolo/librtlsdr-android/fftw-3.3.10/build-lnx/CMakeFiles/CMakeTmp

Run Build Command(s):/usr/bin/gmake -f Makefile cmTC_0da16/fast && /usr/bin/gmake  -f CMakeFiles/cmTC_0da16.dir/build.make CMakeFiles/cmTC_0da16.dir/build
gmake[1]: ingresso nella directory «/home/paolo/librtlsdr-android/fftw-3.3.10/build-lnx/CMakeFiles/CMakeTmp»
Building C object CMakeFiles/cmTC_0da16.dir/CheckIncludeFile.c.o
/usr/bin/cc    -o CMakeFiles/cmTC_0da16.dir/CheckIncludeFile.c.o -c /home/paolo/librtlsdr-android/fftw-3.3.10/build-lnx/CMakeFiles/CMakeTmp/CheckIncludeFile.c
/home/paolo/librtlsdr-android/fftw-3.3.10/build-lnx/CMakeFiles/CMakeTmp/CheckIncludeFile.c:1:10: fatal error: altivec.h: File o directory non esistente
    1 | #include <altivec.h>
      |          ^~~~~~~~~~~
compilation terminated.
gmake[1]: *** [CMakeFiles/cmTC_0da16.dir/build.make:78: CMakeFiles/cmTC_0da16.dir/CheckIncludeFile.c.o] Errore 1
gmake[1]: uscita dalla directory «/home/paolo/librtlsdr-android/fftw-3.3.10/build-lnx/CMakeFiles/CMakeTmp»
gmake: *** [Makefile:127: cmTC_0da16/fast] Errore 2



Determining if the include file c_asm.h exists failed with the following output:
Change Dir: /home/paolo/librtlsdr-android/fftw-3.3.10/build-lnx/CMakeFiles/CMakeTmp

Run Build Command(s):/usr/bin/gmake -f Makefile cmTC_56147/fast && /usr/bin/gmake  -f CMakeFiles/cmTC_56147.dir/build.make CMakeFiles/cmTC_56147.dir/build
gmake[1]: ingresso nella directory «/home/paolo/librtlsdr-android/fftw-3.3.10/build-lnx/CMakeFiles/CMakeTmp»
Building C object CMakeFiles/cmTC_56147.dir/CheckIncludeFile.c.o
/usr/bin/cc    -o CMakeFiles/cmTC_56147.dir/CheckIncludeFile.c.o -c /home/paolo/librtlsdr-android/fftw-3.3.10/build-lnx/CMakeFiles/CMakeTmp/CheckIncludeFile.c
/home/paolo/librtlsdr-android/fftw-3.3.10/build-lnx/CMakeFiles/CMakeTmp/CheckIncludeFile.c:1:10: fatal error: c_asm.h: File o directory non esistente
    1 | #include <c_asm.h>
      |          ^~~~~~~~~
compilation terminated.
gmake[1]: *** [CMakeFiles/cmTC_56147.dir/build.make:78: CMakeFiles/cmTC_56147.dir/CheckIncludeFile.c.o] Errore 1
gmake[1]: uscita dalla directory «/home/paolo/librtlsdr-android/fftw-3.3.10/build-lnx/CMakeFiles/CMakeTmp»
gmake: *** [Makefile:127: cmTC_56147/fast] Errore 2



Determining if the include file intrinsics.h exists failed with the following output:
Change Dir: /home/paolo/librtlsdr-android/fftw-3.3.10/build-lnx/CMakeFiles/CMakeTmp

Run Build Command(s):/usr/bin/gmake -f Makefile cmTC_4371f/fast && /usr/bin/gmake  -f CMakeFiles/cmTC_4371f.dir/build.make CMakeFiles/cmTC_4371f.dir/build
gmake[1]: ingresso nella directory «/home/paolo/librtlsdr-android/fftw-3.3.10/build-lnx/CMakeFiles/CMakeTmp»
Building C object CMakeFiles/cmTC_4371f.dir/CheckIncludeFile.c.o
/usr/bin/cc    -o CMakeFiles/cmTC_4371f.dir/CheckIncludeFile.c.o -c /home/paolo/librtlsdr-android/fftw-3.3.10/build-lnx/CMakeFiles/CMakeTmp/CheckIncludeFile.c
/home/paolo/librtlsdr-android/fftw-3.3.10/build-lnx/CMakeFiles/CMakeTmp/CheckIncludeFile.c:1:10: fatal error: intrinsics.h: File o directory non esistente
    1 | #include <intrinsics.h>
      |          ^~~~~~~~~~~~~~
compilation terminated.
gmake[1]: *** [CMakeFiles/cmTC_4371f.dir/build.make:78: CMakeFiles/cmTC_4371f.dir/CheckIncludeFile.c.o] Errore 1
gmake[1]: uscita dalla directory «/home/paolo/librtlsdr-android/fftw-3.3.10/build-lnx/CMakeFiles/CMakeTmp»
gmake: *** [Makefile:127: cmTC_4371f/fast] Errore 2



Determining if the include file mach/mach_time.h exists failed with the following output:
Change Dir: /home/paolo/librtlsdr-android/fftw-3.3.10/build-lnx/CMakeFiles/CMakeTmp

Run Build Command(s):/usr/bin/gmake -f Makefile cmTC_fbd44/fast && /usr/bin/gmake  -f CMakeFiles/cmTC_fbd44.dir/build.make CMakeFiles/cmTC_fbd44.dir/build
gmake[1]: ingresso nella directory «/home/paolo/librtlsdr-android/fftw-3.3.10/build-lnx/CMakeFiles/CMakeTmp»
Building C object CMakeFiles/cmTC_fbd44.dir/CheckIncludeFile.c.o
/usr/bin/cc    -o CMakeFiles/cmTC_fbd44.dir/CheckIncludeFile.c.o -c /home/paolo/librtlsdr-android/fftw-3.3.10/build-lnx/CMakeFiles/CMakeTmp/CheckIncludeFile.c
/home/paolo/librtlsdr-android/fftw-3.3.10/build-lnx/CMakeFiles/CMakeTmp/CheckIncludeFile.c:1:10: fatal error: mach/mach_time.h: File o directory non esistente
    1 | #include <mach/mach_time.h>
      |          ^~~~~~~~~~~~~~~~~~
compilation terminated.
gmake[1]: *** [CMakeFiles/cmTC_fbd44.dir/build.make:78: CMakeFiles/cmTC_fbd44.dir/CheckIncludeFile.c.o] Errore 1
gmake[1]: uscita dalla directory «/home/paolo/librtlsdr-android/fftw-3.3.10/build-lnx/CMakeFiles/CMakeTmp»
gmake: *** [Makefile:127: cmTC_fbd44/fast] Errore 2



Determining if the include file sys/sysctl.h exists failed with the following output:
Change Dir: /home/paolo/librtlsdr-android/fftw-3.3.10/build-lnx/CMakeFiles/CMakeTmp

Run Build Command(s):/usr/bin/gmake -f Makefile cmTC_1e6c0/fast && /usr/bin/gmake  -f CMakeFiles/cmTC_1e6c0.dir/build.make CMakeFiles/cmTC_1e6c0.dir/build
gmake[1]: ingresso nella directory «/home/paolo/librtlsdr-android/fftw-3.3.10/build-lnx/CMakeFiles/CMakeTmp»
Building C object CMakeFiles/cmTC_1e6c0.dir/CheckIncludeFile.c.o
/usr/bin/cc    -o CMakeFiles/cmTC_1e6c0.dir/CheckIncludeFile.c.o -c /home/paolo/librtlsdr-android/fftw-3.3.10/build-lnx/CMakeFiles/CMakeTmp/CheckIncludeFile.c
/home/paolo/librtlsdr-android/fftw-3.3.10/build-lnx/CMakeFiles/CMakeTmp/CheckIncludeFile.c:1:10: fatal error: sys/sysctl.h: File o directory non esistente
    1 | #include <sys/sysctl.h>
      |          ^~~~~~~~~~~~~~
compilation terminated.
gmake[1]: *** [CMakeFiles/cmTC_1e6c0.dir/build.make:78: CMakeFiles/cmTC_1e6c0.dir/CheckIncludeFile.c.o] Errore 1
gmake[1]: uscita dalla directory «/home/paolo/librtlsdr-android/fftw-3.3.10/build-lnx/CMakeFiles/CMakeTmp»
gmake: *** [Makefile:127: cmTC_1e6c0/fast] Errore 2



Determining if the include file uintptr.h exists failed with the following output:
Change Dir: /home/paolo/librtlsdr-android/fftw-3.3.10/build-lnx/CMakeFiles/CMakeTmp

Run Build Command(s):/usr/bin/gmake -f Makefile cmTC_5911a/fast && /usr/bin/gmake  -f CMakeFiles/cmTC_5911a.dir/build.make CMakeFiles/cmTC_5911a.dir/build
gmake[1]: ingresso nella directory «/home/paolo/librtlsdr-android/fftw-3.3.10/build-lnx/CMakeFiles/CMakeTmp»
Building C object CMakeFiles/cmTC_5911a.dir/CheckIncludeFile.c.o
/usr/bin/cc    -o CMakeFiles/cmTC_5911a.dir/CheckIncludeFile.c.o -c /home/paolo/librtlsdr-android/fftw-3.3.10/build-lnx/CMakeFiles/CMakeTmp/CheckIncludeFile.c
/home/paolo/librtlsdr-android/fftw-3.3.10/build-lnx/CMakeFiles/CMakeTmp/CheckIncludeFile.c:1:10: fatal error: uintptr.h: File o directory non esistente
    1 | #include <uintptr.h>
      |          ^~~~~~~~~~~
compilation terminated.
gmake[1]: *** [CMakeFiles/cmTC_5911a.dir/build.make:78: CMakeFiles/cmTC_5911a.dir/CheckIncludeFile.c.o] Errore 1
gmake[1]: uscita dalla directory «/home/paolo/librtlsdr-android/fftw-3.3.10/build-lnx/CMakeFiles/CMakeTmp»
gmake: *** [Makefile:127: cmTC_5911a/fast] Errore 2



Determining if the mach_absolute_time exist failed with the following output:
Change Dir: /home/paolo/librtlsdr-android/fftw-3.3.10/build-lnx/CMakeFiles/CMakeTmp

Run Build Command(s):/usr/bin/gmake -f Makefile cmTC_b4504/fast && /usr/bin/gmake  -f CMakeFiles/cmTC_b4504.dir/build.make CMakeFiles/cmTC_b4504.dir/build
gmake[1]: ingresso nella directory «/home/paolo/librtlsdr-android/fftw-3.3.10/build-lnx/CMakeFiles/CMakeTmp»
Building C object CMakeFiles/cmTC_b4504.dir/CheckSymbolExists.c.o
/usr/bin/cc    -o CMakeFiles/cmTC_b4504.dir/CheckSymbolExists.c.o -c /home/paolo/librtlsdr-android/fftw-3.3.10/build-lnx/CMakeFiles/CMakeTmp/CheckSymbolExists.c
/home/paolo/librtlsdr-android/fftw-3.3.10/build-lnx/CMakeFiles/CMakeTmp/CheckSymbolExists.c:2:10: fatal error: mach/mach_time.h: File o directory non esistente
    2 | #include <mach/mach_time.h>
      |          ^~~~~~~~~~~~~~~~~~
compilation terminated.
gmake[1]: *** [CMakeFiles/cmTC_b4504.dir/build.make:78: CMakeFiles/cmTC_b4504.dir/CheckSymbolExists.c.o] Errore 1
gmake[1]: uscita dalla directory «/home/paolo/librtlsdr-android/fftw-3.3.10/build-lnx/CMakeFiles/CMakeTmp»
gmake: *** [Makefile:127: cmTC_b4504/fast] Errore 2


File /home/paolo/librtlsdr-android/fftw-3.3.10/build-lnx/CMakeFiles/CMakeTmp/CheckSymbolExists.c:
/* */
#include <mach/mach_time.h>

int main(int argc, char** argv)
{
  (void)argv;
#ifndef mach_absolute_time
  return ((int*)(&mach_absolute_time))[argc];
#else
  (void)argc;
  return 0;
#endif
}
Determining if the sysctl exist failed with the following output:
Change Dir: /home/paolo/librtlsdr-android/fftw-3.3.10/build-lnx/CMakeFiles/CMakeTmp

Run Build Command(s):/usr/bin/gmake -f Makefile cmTC_7bb4b/fast && /usr/bin/gmake  -f CMakeFiles/cmTC_7bb4b.dir/build.make CMakeFiles/cmTC_7bb4b.dir/build
gmake[1]: ingresso nella directory «/home/paolo/librtlsdr-android/fftw-3.3.10/build-lnx/CMakeFiles/CMakeTmp»
Building C object CMakeFiles/cmTC_7bb4b.dir/CheckSymbolExists.c.o
/usr/bin/cc    -o CMakeFiles/cmTC_7bb4b.dir/CheckSymbolExists.c.o -c /home/paolo/librtlsdr-android/fftw-3.3.10/build-lnx/CMakeFiles/CMakeTmp/CheckSymbolExists.c
/home/paolo/librtlsdr-android/fftw-3.3.10/build-lnx/CMakeFiles/CMakeTmp/CheckSymbolExists.c: In function ‘main’:
/home/paolo/librtlsdr-android/fftw-3.3.10/build-lnx/CMakeFiles/CMakeTmp/CheckSymbolExists.c:8:19: error: ‘sysctl’ undeclared (first use in this function); did you mean ‘syscall’?
    8 |   return ((int*)(&sysctl))[argc];
      |                   ^~~~~~
      |                   syscall
/home/paolo/librtlsdr-android/fftw-3.3.10/build-lnx/CMakeFiles/CMakeTmp/CheckSymbolExists.c:8:19: note: each undeclared identifier is reported only once for each function it appears in
gmake[1]: *** [CMakeFiles/cmTC_7bb4b.dir/build.make:78: CMakeFiles/cmTC_7bb4b.dir/CheckSymbolExists.c.o] Errore 1
gmake[1]: uscita dalla directory «/home/paolo/librtlsdr-android/fftw-3.3.10/build-lnx/CMakeFiles/CMakeTmp»
gmake: *** [Makefile:127: cmTC_7bb4b/fast] Errore 2


File /home/paolo/librtlsdr-android/fftw-3.3.10/build-lnx/CMakeFiles/CMakeTmp/CheckSymbolExists.c:
/* */
#include <unistd.h>

int main(int argc, char** argv)
{
  (void)argv;
#ifndef sysctl
  return ((int*)(&sysctl))[argc];
#else
  (void)argc;
  return 0;
#endif
}
